{"level":"info","message":"API Gateway is running on port 3000","service":"api-gateway","timestamp":"2025-11-19T16:11:07.046Z"}
{"level":"info","message":"Identity service is running on port http://localhost:3001","service":"api-gateway","timestamp":"2025-11-19T16:11:07.048Z"}
{"level":"info","message":"API Gateway is running on port 3000","service":"api-gateway","timestamp":"2025-11-19T16:13:12.311Z"}
{"level":"info","message":"Identity service is running on port http://localhost:3001","service":"api-gateway","timestamp":"2025-11-19T16:13:12.312Z"}
{"level":"info","message":"Received POST request to /v1/auth/register","service":"api-gateway","timestamp":"2025-11-19T16:13:59.071Z"}
{"level":"info","message":"Request body, [object Object]","service":"api-gateway","timestamp":"2025-11-19T16:13:59.071Z"}
{"level":"error","message":"ReferenceError: next is not defined\n    at /home/sj/web/learning/sangam/mircroservice_pr1/api-gateway/src/server.js:53:3\n    at Layer.handleRequest (/home/sj/web/learning/sangam/mircroservice_pr1/api-gateway/node_modules/router/lib/layer.js:152:17)\n    at trimPrefix (/home/sj/web/learning/sangam/mircroservice_pr1/api-gateway/node_modules/router/index.js:342:13)\n    at /home/sj/web/learning/sangam/mircroservice_pr1/api-gateway/node_modules/router/index.js:297:9\n    at processParams (/home/sj/web/learning/sangam/mircroservice_pr1/api-gateway/node_modules/router/index.js:582:12)\n    at next (/home/sj/web/learning/sangam/mircroservice_pr1/api-gateway/node_modules/router/index.js:291:5)\n    at /home/sj/web/learning/sangam/mircroservice_pr1/api-gateway/node_modules/express-rate-limit/dist/index.cjs:942:7\n    at process.processTicksAndRejections (node:internal/process/task_queues:105:5)\n    at async /home/sj/web/learning/sangam/mircroservice_pr1/api-gateway/node_modules/express-rate-limit/dist/index.cjs:825:5","service":"api-gateway","timestamp":"2025-11-19T16:13:59.071Z"}
{"level":"info","message":"API Gateway is running on port 3000","service":"api-gateway","timestamp":"2025-11-19T16:14:31.168Z"}
{"level":"info","message":"Identity service is running on port http://localhost:3001","service":"api-gateway","timestamp":"2025-11-19T16:14:31.169Z"}
{"level":"info","message":"Received POST request to /v1/auth/register","service":"api-gateway","timestamp":"2025-11-19T16:14:35.645Z"}
{"level":"info","message":"Request body, [object Object]","service":"api-gateway","timestamp":"2025-11-19T16:14:35.645Z"}
{"level":"info","message":"Response received from Identity service: 400","service":"api-gateway","timestamp":"2025-11-19T16:14:35.701Z"}
{"level":"info","message":"Received POST request to /v1/auth/register","service":"api-gateway","timestamp":"2025-11-19T16:14:57.344Z"}
{"level":"info","message":"Request body, [object Object]","service":"api-gateway","timestamp":"2025-11-19T16:14:57.344Z"}
{"level":"info","message":"Response received from Identity service: 201","service":"api-gateway","timestamp":"2025-11-19T16:14:57.604Z"}
{"level":"info","message":"Received POST request to /v1/auth/login","service":"api-gateway","timestamp":"2025-11-19T16:42:32.884Z"}
{"level":"info","message":"Request body, [object Object]","service":"api-gateway","timestamp":"2025-11-19T16:42:32.885Z"}
{"level":"info","message":"Response received from Identity service: 404","service":"api-gateway","timestamp":"2025-11-19T16:42:32.895Z"}
{"level":"info","message":"Received POST request to /v1/auth/login","service":"api-gateway","timestamp":"2025-11-19T16:43:28.543Z"}
{"level":"info","message":"Request body, [object Object]","service":"api-gateway","timestamp":"2025-11-19T16:43:28.543Z"}
{"level":"info","message":"Response received from Identity service: 200","service":"api-gateway","timestamp":"2025-11-19T16:43:28.755Z"}
{"level":"info","message":"API Gateway is running on port 3000","service":"api-gateway","timestamp":"2025-11-19T17:04:34.038Z"}
{"level":"info","message":"Identity service is running on port http://localhost:3001","service":"api-gateway","timestamp":"2025-11-19T17:04:34.039Z"}
{"level":"info","message":"API Gateway is running on port 3000","service":"api-gateway","timestamp":"2025-11-20T15:45:47.735Z"}
{"level":"info","message":"Identity service is running on port http://localhost:3001","service":"api-gateway","timestamp":"2025-11-20T15:45:47.736Z"}
{"level":"info","message":"Post service is running on port http://localhost:3001","service":"api-gateway","timestamp":"2025-11-20T15:45:47.736Z"}
{"level":"info","message":"Received POST request to /v1/auth/register","service":"api-gateway","timestamp":"2025-11-20T15:45:57.346Z"}
{"level":"info","message":"Request body, [object Object]","service":"api-gateway","timestamp":"2025-11-20T15:45:57.347Z"}
{"level":"error","message":"Proxy error: ","service":"api-gateway","timestamp":"2025-11-20T15:45:57.351Z"}
{"level":"info","message":"Received POST request to /v1/auth/register","service":"api-gateway","timestamp":"2025-11-20T15:48:14.709Z"}
{"level":"info","message":"Request body, [object Object]","service":"api-gateway","timestamp":"2025-11-20T15:48:14.709Z"}
{"level":"error","message":"Proxy error: ","service":"api-gateway","timestamp":"2025-11-20T15:48:14.710Z"}
{"level":"info","message":"Received POST request to /v1/auth/register","service":"api-gateway","timestamp":"2025-11-20T15:48:15.966Z"}
{"level":"info","message":"Request body, [object Object]","service":"api-gateway","timestamp":"2025-11-20T15:48:15.966Z"}
{"level":"error","message":"Proxy error: ","service":"api-gateway","timestamp":"2025-11-20T15:48:15.967Z"}
{"level":"info","message":"Received POST request to /v1/auth/register","service":"api-gateway","timestamp":"2025-11-20T15:48:18.140Z"}
{"level":"info","message":"Request body, [object Object]","service":"api-gateway","timestamp":"2025-11-20T15:48:18.140Z"}
{"level":"error","message":"Proxy error: ","service":"api-gateway","timestamp":"2025-11-20T15:48:18.141Z"}
{"level":"info","message":"Received POST request to /v1/auth/register","service":"api-gateway","timestamp":"2025-11-20T15:48:19.654Z"}
{"level":"info","message":"Request body, [object Object]","service":"api-gateway","timestamp":"2025-11-20T15:48:19.654Z"}
{"level":"error","message":"Proxy error: ","service":"api-gateway","timestamp":"2025-11-20T15:48:19.655Z"}
{"level":"info","message":"Received POST request to /v1/auth/register","service":"api-gateway","timestamp":"2025-11-20T15:48:46.766Z"}
{"level":"info","message":"Request body, [object Object]","service":"api-gateway","timestamp":"2025-11-20T15:48:46.766Z"}
{"level":"info","message":"Response received from Identity service: 201","service":"api-gateway","timestamp":"2025-11-20T15:48:47.075Z"}
{"level":"info","message":"Received POST request to /v1/auth/login","service":"api-gateway","timestamp":"2025-11-20T15:49:14.393Z"}
{"level":"info","message":"Request body, [object Object]","service":"api-gateway","timestamp":"2025-11-20T15:49:14.393Z"}
{"level":"info","message":"Response received from Identity service: 200","service":"api-gateway","timestamp":"2025-11-20T15:49:14.611Z"}
{"level":"info","message":"Received POST request to /v1/auth/login","service":"api-gateway","timestamp":"2025-11-20T15:50:12.737Z"}
{"level":"info","message":"Request body, [object Object]","service":"api-gateway","timestamp":"2025-11-20T15:50:12.737Z"}
{"level":"info","message":"Response received from Identity service: 200","service":"api-gateway","timestamp":"2025-11-20T15:50:12.943Z"}
{"level":"info","message":"Received POST request to /v1/posts/create-post","service":"api-gateway","timestamp":"2025-11-20T15:50:59.526Z"}
{"level":"info","message":"Request body, undefined","service":"api-gateway","timestamp":"2025-11-20T15:50:59.526Z"}
{"level":"warn","message":"Access attempt without valid token!","service":"api-gateway","timestamp":"2025-11-20T15:50:59.526Z"}
{"level":"info","message":"Received POST request to /v1/posts/create-post","service":"api-gateway","timestamp":"2025-11-20T15:51:19.270Z"}
{"level":"info","message":"Request body, undefined","service":"api-gateway","timestamp":"2025-11-20T15:51:19.270Z"}
{"level":"info","message":"Response received from Post service: 404","service":"api-gateway","timestamp":"2025-11-20T15:51:19.275Z"}
{"level":"info","message":"Received POST request to /v1/posts/create-post","service":"api-gateway","timestamp":"2025-11-20T15:52:58.534Z"}
{"level":"info","message":"Request body, undefined","service":"api-gateway","timestamp":"2025-11-20T15:52:58.534Z"}
{"level":"info","message":"Response received from Post service: 404","service":"api-gateway","timestamp":"2025-11-20T15:52:58.537Z"}
