
{"level":"info","message":"Post service is running on port 3002","service":"identity-service","timestamp":"2025-11-26T16:09:25.494Z"}
{"level":"info","message":"Connected to mongodb","service":"identity-service","timestamp":"2025-11-26T16:09:26.312Z"}
{"level":"info","message":"Post service is running on port 3002","service":"identity-service","timestamp":"2025-11-26T16:10:10.970Z"}
{"level":"info","message":"Connected to mongodb","service":"identity-service","timestamp":"2025-11-26T16:10:11.743Z"}
{"level":"info","message":"Post service is running on port 3002","service":"identity-service","timestamp":"2025-11-26T16:11:14.691Z"}
{"level":"info","message":"Connected to mongodb","service":"identity-service","timestamp":"2025-11-26T16:11:15.471Z"}
{"level":"info","message":"Post service is running on port 3002","service":"identity-service","timestamp":"2025-11-26T16:11:19.893Z"}
{"level":"info","message":"Connected to mongodb","service":"identity-service","timestamp":"2025-11-26T16:11:20.640Z"}
{"level":"info","message":"Post service is running on port 3002","service":"identity-service","timestamp":"2025-11-26T16:12:01.089Z"}
{"level":"info","message":"Connected to mongodb","service":"identity-service","timestamp":"2025-11-26T16:12:01.860Z"}
{"level":"info","message":"Post service is running on port 3002","service":"identity-service","timestamp":"2025-11-26T16:12:23.369Z"}
{"level":"info","message":"Connected to mongodb","service":"identity-service","timestamp":"2025-11-26T16:12:24.093Z"}
{"level":"info","message":"Post service is running on port 3002","service":"identity-service","timestamp":"2025-11-26T16:12:30.288Z"}
{"level":"info","message":"Post service is running on port 3002","service":"identity-service","timestamp":"2025-11-26T16:12:31.098Z"}
{"level":"info","message":"Connected to mongodb","service":"identity-service","timestamp":"2025-11-26T16:12:31.802Z"}
{"level":"info","message":"Post service is running on port 3002","service":"identity-service","timestamp":"2025-11-26T16:13:30.665Z"}
{"level":"info","message":"Connected to mongodb","service":"identity-service","timestamp":"2025-11-26T16:13:31.502Z"}
{"level":"info","message":"Post service is running on port 3002","service":"identity-service","timestamp":"2025-11-26T16:13:33.490Z"}
{"level":"info","message":"Connected to mongodb","service":"identity-service","timestamp":"2025-11-26T16:13:34.214Z"}
{"level":"info","message":"Post service is running on port 3002","service":"identity-service","timestamp":"2025-11-26T16:13:51.387Z"}
{"level":"info","message":"Connected to mongodb","service":"identity-service","timestamp":"2025-11-26T16:13:52.116Z"}
{"level":"info","message":"Post service is running on port 3002","service":"identity-service","timestamp":"2025-11-26T16:14:07.905Z"}
{"level":"info","message":"Connected to mongodb","service":"identity-service","timestamp":"2025-11-26T16:14:08.625Z"}
{"level":"info","message":"Post service is running on port 3002","service":"identity-service","timestamp":"2025-11-26T16:14:10.209Z"}
{"level":"info","message":"Connected to mongodb","service":"identity-service","timestamp":"2025-11-26T16:14:10.954Z"}
{"level":"info","message":"Post service is running on port 3002","service":"identity-service","timestamp":"2025-11-26T16:14:27.370Z"}
{"level":"info","message":"Connected to mongodb","service":"identity-service","timestamp":"2025-11-26T16:14:28.127Z"}
{"level":"info","message":"Post service is running on port 3002","service":"identity-service","timestamp":"2025-11-26T16:14:52.419Z"}
{"level":"info","message":"Connected to mongodb","service":"identity-service","timestamp":"2025-11-26T16:14:53.195Z"}
{"level":"info","message":"Post service is running on port 3002","service":"identity-service","timestamp":"2025-11-26T16:15:13.853Z"}
{"level":"info","message":"Connected to mongodb","service":"identity-service","timestamp":"2025-11-26T16:15:14.637Z"}
{"level":"info","message":"Post service is running on port 3002","service":"identity-service","timestamp":"2025-11-26T16:15:46.968Z"}
{"level":"info","message":"Connected to mongodb","service":"identity-service","timestamp":"2025-11-26T16:15:47.722Z"}
{"level":"info","message":"Post service is running on port 3002","service":"identity-service","timestamp":"2025-11-26T16:15:57.928Z"}
{"level":"info","message":"Connected to mongodb","service":"identity-service","timestamp":"2025-11-26T16:15:58.618Z"}
{"level":"info","message":"Post service is running on port 3002","service":"identity-service","timestamp":"2025-11-26T16:16:03.814Z"}
{"level":"info","message":"Connected to mongodb","service":"identity-service","timestamp":"2025-11-26T16:16:04.511Z"}
{"level":"info","message":"Post service is running on port 3002","service":"identity-service","timestamp":"2025-11-26T16:22:47.188Z"}
{"level":"info","message":"Connected to mongodb","service":"identity-service","timestamp":"2025-11-26T16:22:47.887Z"}
{"level":"info","message":"Post service is running on port 3002","service":"identity-service","timestamp":"2025-11-26T16:23:09.008Z"}
{"level":"info","message":"Connected to mongodb","service":"identity-service","timestamp":"2025-11-26T16:23:09.705Z"}
{"level":"info","message":"Post service is running on port 3002","service":"identity-service","timestamp":"2025-11-26T16:23:14.125Z"}
{"level":"info","message":"Connected to mongodb","service":"identity-service","timestamp":"2025-11-26T16:23:14.834Z"}
{"level":"info","message":"Post service is running on port 3002","service":"identity-service","timestamp":"2025-11-26T16:23:32.618Z"}
{"level":"info","message":"Connected to rabbit mq","service":"identity-service","timestamp":"2025-11-26T16:23:32.683Z"}
{"level":"info","message":"Connected to mongodb","service":"identity-service","timestamp":"2025-11-26T16:23:33.400Z"}
{"level":"info","message":"Connected to rabbit mq","service":"identity-service","timestamp":"2025-11-26T16:23:42.545Z"}
{"level":"info","message":"Connected to mongodb","service":"identity-service","timestamp":"2025-11-26T16:23:43.171Z"}
{"level":"info","message":"Connected to rabbit mq","service":"identity-service","timestamp":"2025-11-26T16:31:56.902Z"}
{"level":"info","message":"Post service is running on port 3002","service":"identity-service","timestamp":"2025-11-26T16:31:56.904Z"}
{"level":"info","message":"Connected to mongodb","service":"identity-service","timestamp":"2025-11-26T16:31:57.594Z"}
{"level":"info","message":"Connected to rabbit mq","service":"identity-service","timestamp":"2025-11-26T16:57:38.352Z"}
{"level":"info","message":"Post service is running on port 3002","service":"identity-service","timestamp":"2025-11-26T16:57:38.359Z"}
{"level":"info","message":"Connected to mongodb","service":"identity-service","timestamp":"2025-11-26T16:57:39.070Z"}
{"level":"info","message":"Connected to rabbit mq","service":"identity-service","timestamp":"2025-11-26T17:06:38.715Z"}
{"level":"info","message":"Post service is running on port 3002","service":"identity-service","timestamp":"2025-11-26T17:06:38.717Z"}
{"level":"info","message":"Connected to mongodb","service":"identity-service","timestamp":"2025-11-26T17:06:39.385Z"}
{"level":"info","message":"Connected to rabbit mq","service":"identity-service","timestamp":"2025-11-26T17:07:08.453Z"}
{"level":"info","message":"Post service is running on port 3002","service":"identity-service","timestamp":"2025-11-26T17:07:08.462Z"}
{"level":"info","message":"Connected to mongodb","service":"identity-service","timestamp":"2025-11-26T17:07:09.142Z"}
{"level":"info","message":"Connected to rabbit mq","service":"identity-service","timestamp":"2025-11-26T17:07:38.010Z"}
{"level":"info","message":"Post service is running on port 3002","service":"identity-service","timestamp":"2025-11-26T17:07:38.012Z"}
{"level":"info","message":"Connected to mongodb","service":"identity-service","timestamp":"2025-11-26T17:07:38.586Z"}
{"level":"info","message":"Connected to rabbit mq","service":"identity-service","timestamp":"2025-11-26T17:07:44.888Z"}
{"level":"info","message":"Post service is running on port 3002","service":"identity-service","timestamp":"2025-11-26T17:07:44.896Z"}
{"level":"info","message":"Connected to mongodb","service":"identity-service","timestamp":"2025-11-26T17:07:45.647Z"}
{"level":"info","message":"Connected to rabbit mq","service":"identity-service","timestamp":"2025-11-26T17:07:53.071Z"}
{"level":"info","message":"Post service is running on port 3002","service":"identity-service","timestamp":"2025-11-26T17:07:53.073Z"}
{"level":"info","message":"Connected to mongodb","service":"identity-service","timestamp":"2025-11-26T17:07:53.670Z"}
{"level":"info","message":"Connected to rabbit mq","service":"identity-service","timestamp":"2025-11-26T17:08:15.679Z"}
{"level":"info","message":"Post service is running on port 3002","service":"identity-service","timestamp":"2025-11-26T17:08:15.681Z"}
{"level":"info","message":"Connected to mongodb","service":"identity-service","timestamp":"2025-11-26T17:08:16.355Z"}
{"level":"info","message":"Connected to rabbit mq","service":"identity-service","timestamp":"2025-11-26T17:08:46.474Z"}
{"level":"info","message":"Post service is running on port 3002","service":"identity-service","timestamp":"2025-11-26T17:08:46.476Z"}
{"level":"info","message":"Connected to mongodb","service":"identity-service","timestamp":"2025-11-26T17:08:47.130Z"}
{"level":"info","message":"Connected to rabbit mq","service":"identity-service","timestamp":"2025-11-26T17:09:13.040Z"}
{"level":"info","message":"Post service is running on port 3002","service":"identity-service","timestamp":"2025-11-26T17:09:13.043Z"}
{"level":"info","message":"Connected to mongodb","service":"identity-service","timestamp":"2025-11-26T17:09:14.057Z"}
{"level":"info","message":"Connected to rabbit mq","service":"identity-service","timestamp":"2025-11-26T17:09:41.319Z"}
{"level":"info","message":"Post service is running on port 3002","service":"identity-service","timestamp":"2025-11-26T17:09:41.324Z"}
{"level":"info","message":"Connected to mongodb","service":"identity-service","timestamp":"2025-11-26T17:09:42.070Z"}
{"level":"info","message":"Connected to rabbit mq","service":"identity-service","timestamp":"2025-11-26T17:10:09.420Z"}
{"level":"info","message":"Post service is running on port 3002","service":"identity-service","timestamp":"2025-11-26T17:10:09.422Z"}
{"level":"info","message":"Connected to mongodb","service":"identity-service","timestamp":"2025-11-26T17:10:09.995Z"}
{"level":"info","message":"Connected to rabbit mq","service":"identity-service","timestamp":"2025-11-26T17:11:31.816Z"}
{"level":"info","message":"Post service is running on port 3002","service":"identity-service","timestamp":"2025-11-26T17:11:31.818Z"}
{"level":"info","message":"Connected to mongodb","service":"identity-service","timestamp":"2025-11-26T17:11:32.662Z"}
{"level":"info","message":"Connected to rabbit mq","service":"identity-service","timestamp":"2025-11-26T17:12:15.795Z"}
{"level":"info","message":"Post service is running on port 3002","service":"identity-service","timestamp":"2025-11-26T17:12:15.797Z"}
{"level":"info","message":"Connected to mongodb","service":"identity-service","timestamp":"2025-11-26T17:12:16.449Z"}
{"level":"info","message":"Connected to rabbit mq","service":"identity-service","timestamp":"2025-11-26T17:12:39.168Z"}
{"level":"info","message":"Post service is running on port 3002","service":"identity-service","timestamp":"2025-11-26T17:12:39.170Z"}
{"level":"info","message":"Connected to mongodb","service":"identity-service","timestamp":"2025-11-26T17:12:39.787Z"}
{"code":"ECONNREFUSED","level":"error","message":"Error connecting to rabbit mq","service":"identity-service","stack":"AggregateError [ECONNREFUSED]: \n    at internalConnectMultiple (node:net:1134:18)\n    at afterConnectMultiple (node:net:1715:7)","timestamp":"2025-11-27T12:50:38.314Z"}
{"level":"info","message":"Post service is running on port 3002","service":"identity-service","timestamp":"2025-11-27T12:50:38.316Z"}
{"level":"info","message":"Connected to mongodb","service":"identity-service","timestamp":"2025-11-27T12:50:39.262Z"}
{"level":"info","message":"Received DELETE request to /api/posts/692859a77b9d0176bb58fc45","service":"identity-service","timestamp":"2025-11-27T14:06:49.486Z"}
{"level":"info","message":"Request body, [object Object]","service":"identity-service","timestamp":"2025-11-27T14:06:49.487Z"}
{"level":"error","message":"Error deleting post Cannot read properties of undefined (reading 'toString')","service":"identity-service","stack":"TypeError: Cannot read properties of undefined (reading 'toString')\n    at deletePost (/home/sj/web/learning/sangam/mircroservice_pr1/post-service/src/controllers/post-controller.js:148:24)\n    at process.processTicksAndRejections (node:internal/process/task_queues:105:5)","timestamp":"2025-11-27T14:06:49.540Z"}
{"level":"error","message":"TypeError: Cannot read properties of undefined (reading 'toString')\n    at deletePost (/home/sj/web/learning/sangam/mircroservice_pr1/post-service/src/controllers/post-controller.js:148:24)\n    at process.processTicksAndRejections (node:internal/process/task_queues:105:5)","service":"identity-service","timestamp":"2025-11-27T14:06:49.540Z"}
{"level":"info","message":"Received DELETE request to /api/posts/692859a77b9d0176bb58fc45","service":"identity-service","timestamp":"2025-11-27T14:07:16.462Z"}
{"level":"info","message":"Request body, [object Object]","service":"identity-service","timestamp":"2025-11-27T14:07:16.462Z"}
{"level":"error","message":"Error deleting post Cannot read properties of undefined (reading 'toString')","service":"identity-service","stack":"TypeError: Cannot read properties of undefined (reading 'toString')\n    at deletePost (/home/sj/web/learning/sangam/mircroservice_pr1/post-service/src/controllers/post-controller.js:148:24)\n    at process.processTicksAndRejections (node:internal/process/task_queues:105:5)","timestamp":"2025-11-27T14:07:16.529Z"}
{"level":"error","message":"TypeError: Cannot read properties of undefined (reading 'toString')\n    at deletePost (/home/sj/web/learning/sangam/mircroservice_pr1/post-service/src/controllers/post-controller.js:148:24)\n    at process.processTicksAndRejections (node:internal/process/task_queues:105:5)","service":"identity-service","timestamp":"2025-11-27T14:07:16.530Z"}
