{"level":"info","message":"Connected to mongodb","service":"identity-service","timestamp":"2025-11-17T14:47:20.808Z"}
{"level":"info","message":"Connected to mongodb","service":"identity-service","timestamp":"2025-11-17T14:47:37.151Z"}
{"level":"info","message":"Connected to mongodb","service":"identity-service","timestamp":"2025-11-17T14:59:56.138Z"}
{"level":"info","message":"Connected to mongodb","service":"identity-service","timestamp":"2025-11-17T15:01:44.677Z"}
{"level":"info","message":"Connected to mongodb","service":"identity-service","timestamp":"2025-11-17T15:01:50.535Z"}
{"level":"info","message":"Connected to mongodb","service":"identity-service","timestamp":"2025-11-17T15:01:54.212Z"}
{"level":"info","message":"Connected to mongodb","service":"identity-service","timestamp":"2025-11-17T15:01:57.997Z"}
{"level":"info","message":"Connected to mongodb","service":"identity-service","timestamp":"2025-11-17T15:02:16.025Z"}
{"level":"info","message":"Connected to mongodb","service":"identity-service","timestamp":"2025-11-17T15:02:19.325Z"}
{"level":"info","message":"Connected to mongodb","service":"identity-service","timestamp":"2025-11-17T15:07:16.104Z"}
{"level":"info","message":"Connected to mongodb","service":"identity-service","timestamp":"2025-11-17T15:08:10.856Z"}
{"level":"info","message":"Connected to mongodb","service":"identity-service","timestamp":"2025-11-17T15:08:14.294Z"}
{"level":"info","message":"Connected to mongodb","service":"identity-service","timestamp":"2025-11-17T15:08:37.301Z"}
{"level":"info","message":"Connected to mongodb","service":"identity-service","timestamp":"2025-11-17T15:08:45.767Z"}
{"level":"info","message":"Connected to mongodb","service":"identity-service","timestamp":"2025-11-17T15:09:07.821Z"}
{"level":"info","message":"Connected to mongodb","service":"identity-service","timestamp":"2025-11-17T15:09:33.378Z"}
{"level":"info","message":"Connected to mongodb","service":"identity-service","timestamp":"2025-11-17T15:09:53.271Z"}
{"level":"info","message":"Connected to mongodb","service":"identity-service","timestamp":"2025-11-17T15:10:02.506Z"}
{"level":"info","message":"Connected to mongodb","service":"identity-service","timestamp":"2025-11-17T15:10:25.392Z"}
{"level":"info","message":"Connected to mongodb","service":"identity-service","timestamp":"2025-11-17T15:10:40.389Z"}
{"level":"info","message":"Connected to mongodb","service":"identity-service","timestamp":"2025-11-17T15:11:34.999Z"}
{"level":"info","message":"Connected to mongodb","service":"identity-service","timestamp":"2025-11-17T15:15:28.798Z"}
{"level":"info","message":"Connected to mongodb","service":"identity-service","timestamp":"2025-11-17T15:17:50.963Z"}
{"level":"info","message":"Connected to mongodb","service":"identity-service","timestamp":"2025-11-17T15:42:34.264Z"}
{"level":"info","message":"Connected to mongodb","service":"identity-service","timestamp":"2025-11-17T15:43:05.984Z"}
{"level":"info","message":"Connected to mongodb","service":"identity-service","timestamp":"2025-11-17T15:43:35.389Z"}
{"level":"info","message":"Connected to mongodb","service":"identity-service","timestamp":"2025-11-17T15:43:49.330Z"}
{"level":"info","message":"Connected to mongodb","service":"identity-service","timestamp":"2025-11-17T15:44:20.063Z"}
{"level":"info","message":"Connected to mongodb","service":"identity-service","timestamp":"2025-11-17T15:44:24.894Z"}
{"level":"info","message":"Connected to mongodb","service":"identity-service","timestamp":"2025-11-17T15:44:52.153Z"}
{"level":"info","message":"Connected to mongodb","service":"identity-service","timestamp":"2025-11-17T15:53:33.701Z"}
{"level":"info","message":"Connected to mongodb","service":"identity-service","timestamp":"2025-11-17T15:54:05.593Z"}
{"level":"info","message":"Connected to mongodb","service":"identity-service","timestamp":"2025-11-17T16:10:46.491Z"}
{"level":"info","message":"Connected to mongodb","service":"identity-service","timestamp":"2025-11-17T16:11:14.874Z"}
{"level":"info","message":"Connected to mongodb","service":"identity-service","timestamp":"2025-11-17T16:11:44.359Z"}
{"level":"info","message":"Connected to mongodb","service":"identity-service","timestamp":"2025-11-17T16:12:04.753Z"}
{"level":"info","message":"Connected to mongodb","service":"identity-service","timestamp":"2025-11-17T16:12:25.559Z"}
{"level":"info","message":"Connected to mongodb","service":"identity-service","timestamp":"2025-11-17T16:12:42.117Z"}
{"level":"info","message":"Connected to mongodb","service":"identity-service","timestamp":"2025-11-17T16:13:32.226Z"}
{"level":"info","message":"Connected to mongodb","service":"identity-service","timestamp":"2025-11-17T16:14:13.716Z"}
{"level":"info","message":"Connected to mongodb","service":"identity-service","timestamp":"2025-11-17T16:17:33.225Z"}
{"level":"info","message":"Connected to mongodb","service":"identity-service","timestamp":"2025-11-17T16:17:53.714Z"}
{"level":"info","message":"Connected to mongodb","service":"identity-service","timestamp":"2025-11-17T16:18:12.060Z"}
{"level":"info","message":"Identity service running on port 3001","service":"identity-service","timestamp":"2025-11-17T16:18:46.875Z"}
{"level":"info","message":"Connected to mongodb","service":"identity-service","timestamp":"2025-11-17T16:18:47.720Z"}
{"level":"info","message":"Identity service running on port 3001","service":"identity-service","timestamp":"2025-11-17T16:18:51.143Z"}
{"level":"info","message":"Connected to mongodb","service":"identity-service","timestamp":"2025-11-17T16:18:52.063Z"}
{"level":"info","message":"Identity service running on port 3001","service":"identity-service","timestamp":"2025-11-17T16:19:32.559Z"}
{"level":"info","message":"Connected to mongodb","service":"identity-service","timestamp":"2025-11-17T16:19:33.459Z"}
{"level":"info","message":"Received POST request to /api/auth","service":"identity-service","timestamp":"2025-11-17T16:25:57.445Z"}
{"level":"info","message":"Request body, undefined","service":"identity-service","timestamp":"2025-11-17T16:25:57.445Z"}
{"level":"info","message":"Identity service running on port 3001","service":"identity-service","timestamp":"2025-11-17T16:26:40.258Z"}
{"level":"info","message":"Connected to mongodb","service":"identity-service","timestamp":"2025-11-17T16:26:41.130Z"}
{"level":"info","message":"Identity service running on port 3001","service":"identity-service","timestamp":"2025-11-17T16:29:16.486Z"}
{"level":"info","message":"Connected to mongodb","service":"identity-service","timestamp":"2025-11-17T16:29:17.437Z"}
{"level":"info","message":"Identity service running on port 3001","service":"identity-service","timestamp":"2025-11-17T16:29:18.403Z"}
{"level":"info","message":"Connected to mongodb","service":"identity-service","timestamp":"2025-11-17T16:29:19.239Z"}
{"level":"info","message":"Received POST request to /api/auth","service":"identity-service","timestamp":"2025-11-17T16:29:27.016Z"}
{"level":"info","message":"Request body, undefined","service":"identity-service","timestamp":"2025-11-17T16:29:27.016Z"}
{"level":"info","message":"Received POST request to /api/auth","service":"identity-service","timestamp":"2025-11-17T16:29:28.199Z"}
{"level":"info","message":"Request body, undefined","service":"identity-service","timestamp":"2025-11-17T16:29:28.199Z"}
{"level":"info","message":"Received POST request to /api/auth/register","service":"identity-service","timestamp":"2025-11-17T16:31:51.675Z"}
{"level":"info","message":"Request body, undefined","service":"identity-service","timestamp":"2025-11-17T16:31:51.675Z"}
{"level":"info","message":"Registration endpoint hit...","service":"identity-service","timestamp":"2025-11-17T16:31:51.678Z"}
{"level":"error","message":"Registration error occured Cannot destructure property 'email' of 'req.body' as it is undefined.","service":"identity-service","stack":"TypeError: Cannot destructure property 'email' of 'req.body' as it is undefined.\n    at registerUser (/home/sj/web/learning/sangam/mircroservice_pr1/identity-service/src/controllers/identity-controller.js:19:13)\n    at Layer.handleRequest (/home/sj/web/learning/sangam/mircroservice_pr1/identity-service/node_modules/router/lib/layer.js:152:17)\n    at next (/home/sj/web/learning/sangam/mircroservice_pr1/identity-service/node_modules/router/lib/route.js:157:13)\n    at Route.dispatch (/home/sj/web/learning/sangam/mircroservice_pr1/identity-service/node_modules/router/lib/route.js:117:3)\n    at handle (/home/sj/web/learning/sangam/mircroservice_pr1/identity-service/node_modules/router/index.js:435:11)\n    at Layer.handleRequest (/home/sj/web/learning/sangam/mircroservice_pr1/identity-service/node_modules/router/lib/layer.js:152:17)\n    at /home/sj/web/learning/sangam/mircroservice_pr1/identity-service/node_modules/router/index.js:295:15\n    at processParams (/home/sj/web/learning/sangam/mircroservice_pr1/identity-service/node_modules/router/index.js:582:12)\n    at next (/home/sj/web/learning/sangam/mircroservice_pr1/identity-service/node_modules/router/index.js:291:5)\n    at Function.handle (/home/sj/web/learning/sangam/mircroservice_pr1/identity-service/node_modules/router/index.js:186:3)","timestamp":"2025-11-17T16:31:51.680Z"}
{"level":"info","message":"Received POST request to /api/auth/register","service":"identity-service","timestamp":"2025-11-17T16:32:05.318Z"}
{"level":"info","message":"Request body, [object Object]","service":"identity-service","timestamp":"2025-11-17T16:32:05.319Z"}
{"level":"info","message":"Registration endpoint hit...","service":"identity-service","timestamp":"2025-11-17T16:32:05.322Z"}
{"0":"\"","1":"u","10":" ","11":"i","12":"s","13":" ","14":"r","15":"e","16":"q","17":"u","18":"i","19":"r","2":"s","20":"e","21":"d","3":"e","4":"r","5":"n","6":"a","7":"m","8":"e","9":"\"","level":"warn","message":"Validation error","service":"identity-service","timestamp":"2025-11-17T16:32:05.324Z"}
{"level":"info","message":"Received POST request to /api/auth/register","service":"identity-service","timestamp":"2025-11-17T16:32:16.991Z"}
{"level":"info","message":"Request body, [object Object]","service":"identity-service","timestamp":"2025-11-17T16:32:16.991Z"}
{"level":"info","message":"Registration endpoint hit...","service":"identity-service","timestamp":"2025-11-17T16:32:16.992Z"}
{"0":"\"","1":"u","10":" ","11":"i","12":"s","13":" ","14":"r","15":"e","16":"q","17":"u","18":"i","19":"r","2":"s","20":"e","21":"d","3":"e","4":"r","5":"n","6":"a","7":"m","8":"e","9":"\"","level":"warn","message":"Validation error","service":"identity-service","timestamp":"2025-11-17T16:32:16.992Z"}
{"level":"info","message":"Received POST request to /api/auth/register","service":"identity-service","timestamp":"2025-11-17T16:32:21.943Z"}
{"level":"info","message":"Request body, [object Object]","service":"identity-service","timestamp":"2025-11-17T16:32:21.943Z"}
{"level":"info","message":"Registration endpoint hit...","service":"identity-service","timestamp":"2025-11-17T16:32:21.944Z"}
{"0":"\"","1":"e","10":" ","11":"r","12":"e","13":"q","14":"u","15":"i","16":"r","17":"e","18":"d","2":"m","3":"a","4":"i","5":"l","6":"\"","7":" ","8":"i","9":"s","level":"warn","message":"Validation error","service":"identity-service","timestamp":"2025-11-17T16:32:21.944Z"}
{"level":"info","message":"Received POST request to /api/auth/register","service":"identity-service","timestamp":"2025-11-17T16:32:38.187Z"}
{"level":"info","message":"Request body, [object Object]","service":"identity-service","timestamp":"2025-11-17T16:32:38.187Z"}
{"level":"info","message":"Registration endpoint hit...","service":"identity-service","timestamp":"2025-11-17T16:32:38.187Z"}
{"0":"\"","1":"p","10":" ","11":"i","12":"s","13":" ","14":"r","15":"e","16":"q","17":"u","18":"i","19":"r","2":"a","20":"e","21":"d","3":"s","4":"s","5":"w","6":"o","7":"r","8":"d","9":"\"","level":"warn","message":"Validation error","service":"identity-service","timestamp":"2025-11-17T16:32:38.188Z"}
{"level":"info","message":"Received POST request to /api/auth/register","service":"identity-service","timestamp":"2025-11-17T16:32:49.128Z"}
{"level":"info","message":"Request body, [object Object]","service":"identity-service","timestamp":"2025-11-17T16:32:49.128Z"}
{"level":"info","message":"Registration endpoint hit...","service":"identity-service","timestamp":"2025-11-17T16:32:49.128Z"}
{"0":"\"","1":"p","10":" ","11":"l","12":"e","13":"n","14":"g","15":"t","16":"h","17":" ","18":"m","19":"u","2":"a","20":"s","21":"t","22":" ","23":"b","24":"e","25":" ","26":"a","27":"t","28":" ","29":"l","3":"s","30":"e","31":"a","32":"s","33":"t","34":" ","35":"6","36":" ","37":"c","38":"h","39":"a","4":"s","40":"r","41":"a","42":"c","43":"t","44":"e","45":"r","46":"s","47":" ","48":"l","49":"o","5":"w","50":"n","51":"g","6":"o","7":"r","8":"d","9":"\"","level":"warn","message":"Validation error","service":"identity-service","timestamp":"2025-11-17T16:32:49.129Z"}
{"level":"info","message":"Received POST request to /api/auth/register","service":"identity-service","timestamp":"2025-11-17T16:32:51.993Z"}
{"level":"info","message":"Request body, [object Object]","service":"identity-service","timestamp":"2025-11-17T16:32:51.993Z"}
{"level":"info","message":"Registration endpoint hit...","service":"identity-service","timestamp":"2025-11-17T16:32:51.994Z"}
{"buffer":{"data":[105,27,78,52,138,83,18,66,82,45,234,140],"type":"Buffer"},"level":"warn","message":"User saved successfully","service":"identity-service","timestamp":"2025-11-17T16:32:52.208Z"}
{"level":"info","message":"Identity service running on port 3001","service":"identity-service","timestamp":"2025-11-17T16:34:20.441Z"}
{"level":"info","message":"Connected to mongodb","service":"identity-service","timestamp":"2025-11-17T16:34:21.376Z"}
{"level":"info","message":"Identity service running on port 3001","service":"identity-service","timestamp":"2025-11-17T16:34:33.708Z"}
{"level":"info","message":"Connected to mongodb","service":"identity-service","timestamp":"2025-11-17T16:34:35.086Z"}
{"level":"info","message":"Identity service running on port 3001","service":"identity-service","timestamp":"2025-11-19T15:20:36.986Z"}
{"level":"info","message":"Connected to mongodb","service":"identity-service","timestamp":"2025-11-19T15:20:38.790Z"}
{"level":"info","message":"Received POST request to /api/auth/register","service":"identity-service","timestamp":"2025-11-19T15:21:26.765Z"}
{"level":"info","message":"Request body, [object Object]","service":"identity-service","timestamp":"2025-11-19T15:21:26.766Z"}
{"level":"info","message":"Registration endpoint hit...","service":"identity-service","timestamp":"2025-11-19T15:21:26.770Z"}
{"level":"warn","message":"User already exists","service":"identity-service","timestamp":"2025-11-19T15:21:26.825Z"}
{"level":"info","message":"Received POST request to /v1/auth/register","service":"identity-service","timestamp":"2025-11-19T16:13:01.863Z"}
{"level":"info","message":"Request body, [object Object]","service":"identity-service","timestamp":"2025-11-19T16:13:01.863Z"}
{"level":"info","message":"Received POST request to /v1/auth/register","service":"identity-service","timestamp":"2025-11-19T16:13:21.864Z"}
{"level":"info","message":"Request body, [object Object]","service":"identity-service","timestamp":"2025-11-19T16:13:21.864Z"}
{"level":"info","message":"Received POST request to /api/auth/register","service":"identity-service","timestamp":"2025-11-19T16:14:35.648Z"}
{"level":"info","message":"Request body, [object Object]","service":"identity-service","timestamp":"2025-11-19T16:14:35.649Z"}
{"level":"info","message":"Registration endpoint hit...","service":"identity-service","timestamp":"2025-11-19T16:14:35.649Z"}
{"level":"warn","message":"User already exists","service":"identity-service","timestamp":"2025-11-19T16:14:35.696Z"}
{"level":"info","message":"Received POST request to /api/auth/register","service":"identity-service","timestamp":"2025-11-19T16:14:57.346Z"}
{"level":"info","message":"Request body, [object Object]","service":"identity-service","timestamp":"2025-11-19T16:14:57.346Z"}
{"level":"info","message":"Registration endpoint hit...","service":"identity-service","timestamp":"2025-11-19T16:14:57.347Z"}
{"buffer":{"data":[105,29,237,1,152,196,187,218,230,73,241,177],"type":"Buffer"},"level":"warn","message":"User saved successfully","service":"identity-service","timestamp":"2025-11-19T16:14:57.542Z"}
