{"level":"info","message":"Post service is running on port 3003","service":"media-service","timestamp":"2025-11-23T15:04:18.180Z"}
{"level":"info","message":"Connected to mongodb","service":"media-service","timestamp":"2025-11-23T15:04:19.588Z"}
{"level":"info","message":"Media service is running on port 3003","service":"media-service","timestamp":"2025-11-23T15:04:40.006Z"}
{"level":"info","message":"Connected to mongodb","service":"media-service","timestamp":"2025-11-23T15:04:41.260Z"}
{"level":"info","message":"Media service is running on port 3003","service":"media-service","timestamp":"2025-11-23T15:09:26.085Z"}
{"level":"info","message":"Connected to mongodb","service":"media-service","timestamp":"2025-11-23T15:09:26.997Z"}
{"level":"info","message":"Media service is running on port 3003","service":"media-service","timestamp":"2025-11-23T15:13:42.435Z"}
{"level":"info","message":"Connected to mongodb","service":"media-service","timestamp":"2025-11-23T15:13:43.249Z"}
{"level":"info","message":"Media service is running on port 3003","service":"media-service","timestamp":"2025-11-23T15:32:04.197Z"}
{"level":"info","message":"Connected to mongodb","service":"media-service","timestamp":"2025-11-23T15:32:05.544Z"}
{"level":"error","message":"BadRequestError: request aborted\n    at IncomingMessage.onAborted (/home/sj/web/learning/sangam/mircroservice_pr1/media-service/node_modules/raw-body/index.js:245:10)\n    at IncomingMessage.emit (node:events:519:28)\n    at IncomingMessage._destroy (node:_http_incoming:221:10)\n    at _destroy (node:internal/streams/destroy:122:10)\n    at IncomingMessage.destroy (node:internal/streams/destroy:84:5)\n    at abortIncoming (node:_http_server:825:9)\n    at socketOnClose (node:_http_server:819:3)\n    at Socket.emit (node:events:531:35)\n    at TCP.<anonymous> (node:net:346:12)","service":"media-service","timestamp":"2025-11-23T15:49:10.370Z"}
{"level":"info","message":"Media service is running on port 3003","service":"media-service","timestamp":"2025-11-23T15:50:06.221Z"}
{"level":"info","message":"Connected to mongodb","service":"media-service","timestamp":"2025-11-23T15:50:08.835Z"}
{"level":"info","message":"Media service is running on port 3003","service":"media-service","timestamp":"2025-11-23T15:50:13.466Z"}
{"level":"info","message":"Connected to mongodb","service":"media-service","timestamp":"2025-11-23T15:50:14.332Z"}
{"level":"info","message":"Media service is running on port 3003","service":"media-service","timestamp":"2025-11-23T15:50:17.795Z"}
{"level":"info","message":"Connected to mongodb","service":"media-service","timestamp":"2025-11-23T15:50:18.591Z"}
{"level":"info","message":"Media service is running on port 3003","service":"media-service","timestamp":"2025-11-23T15:50:22.428Z"}
{"level":"info","message":"Connected to mongodb","service":"media-service","timestamp":"2025-11-23T15:50:23.318Z"}
{"level":"info","message":"Media service is running on port 3003","service":"media-service","timestamp":"2025-11-23T15:50:41.920Z"}
{"level":"info","message":"Connected to mongodb","service":"media-service","timestamp":"2025-11-23T15:50:43.310Z"}
{"level":"error","message":"BadRequestError: request aborted\n    at IncomingMessage.onAborted (/home/sj/web/learning/sangam/mircroservice_pr1/media-service/node_modules/raw-body/index.js:245:10)\n    at IncomingMessage.emit (node:events:519:28)\n    at IncomingMessage._destroy (node:_http_incoming:221:10)\n    at _destroy (node:internal/streams/destroy:122:10)\n    at IncomingMessage.destroy (node:internal/streams/destroy:84:5)\n    at abortIncoming (node:_http_server:825:9)\n    at socketOnClose (node:_http_server:819:3)\n    at Socket.emit (node:events:531:35)\n    at TCP.<anonymous> (node:net:346:12)","service":"media-service","timestamp":"2025-11-23T15:51:40.007Z"}
{"level":"info","message":"Media service is running on port 3003","service":"media-service","timestamp":"2025-11-23T15:52:36.102Z"}
{"level":"info","message":"Connected to mongodb","service":"media-service","timestamp":"2025-11-23T15:52:37.169Z"}
{"level":"error","message":"BadRequestError: request aborted\n    at IncomingMessage.onAborted (/home/sj/web/learning/sangam/mircroservice_pr1/media-service/node_modules/raw-body/index.js:245:10)\n    at IncomingMessage.emit (node:events:519:28)\n    at IncomingMessage._destroy (node:_http_incoming:221:10)\n    at _destroy (node:internal/streams/destroy:122:10)\n    at IncomingMessage.destroy (node:internal/streams/destroy:84:5)\n    at abortIncoming (node:_http_server:825:9)\n    at socketOnClose (node:_http_server:819:3)\n    at Socket.emit (node:events:531:35)\n    at TCP.<anonymous> (node:net:346:12)","service":"media-service","timestamp":"2025-11-23T15:53:16.674Z"}
{"level":"error","message":"BadRequestError: request aborted\n    at IncomingMessage.onAborted (/home/sj/web/learning/sangam/mircroservice_pr1/media-service/node_modules/raw-body/index.js:245:10)\n    at IncomingMessage.emit (node:events:519:28)\n    at IncomingMessage._destroy (node:_http_incoming:221:10)\n    at _destroy (node:internal/streams/destroy:122:10)\n    at IncomingMessage.destroy (node:internal/streams/destroy:84:5)\n    at abortIncoming (node:_http_server:825:9)\n    at socketOnClose (node:_http_server:819:3)\n    at Socket.emit (node:events:531:35)\n    at TCP.<anonymous> (node:net:346:12)","service":"media-service","timestamp":"2025-11-23T15:54:25.730Z"}
{"level":"error","message":"BadRequestError: request aborted\n    at IncomingMessage.onAborted (/home/sj/web/learning/sangam/mircroservice_pr1/media-service/node_modules/raw-body/index.js:245:10)\n    at IncomingMessage.emit (node:events:519:28)\n    at IncomingMessage._destroy (node:_http_incoming:221:10)\n    at _destroy (node:internal/streams/destroy:122:10)\n    at IncomingMessage.destroy (node:internal/streams/destroy:84:5)\n    at abortIncoming (node:_http_server:825:9)\n    at socketOnClose (node:_http_server:819:3)\n    at Socket.emit (node:events:531:35)\n    at TCP.<anonymous> (node:net:346:12)","service":"media-service","timestamp":"2025-11-23T15:54:35.738Z"}
{"level":"info","message":"Media service is running on port 3003","service":"media-service","timestamp":"2025-11-23T15:54:43.513Z"}
{"level":"info","message":"Connected to mongodb","service":"media-service","timestamp":"2025-11-23T15:54:44.639Z"}
{"level":"error","message":"BadRequestError: request aborted\n    at IncomingMessage.onAborted (/home/sj/web/learning/sangam/mircroservice_pr1/media-service/node_modules/raw-body/index.js:245:10)\n    at IncomingMessage.emit (node:events:519:28)\n    at IncomingMessage._destroy (node:_http_incoming:221:10)\n    at _destroy (node:internal/streams/destroy:122:10)\n    at IncomingMessage.destroy (node:internal/streams/destroy:84:5)\n    at abortIncoming (node:_http_server:825:9)\n    at socketOnClose (node:_http_server:819:3)\n    at Socket.emit (node:events:531:35)\n    at TCP.<anonymous> (node:net:346:12)","service":"media-service","timestamp":"2025-11-23T15:56:06.759Z"}
{"level":"info","message":"Media service is running on port 3003","service":"media-service","timestamp":"2025-11-23T15:56:35.068Z"}
{"level":"info","message":"Connected to mongodb","service":"media-service","timestamp":"2025-11-23T15:56:36.087Z"}
{"level":"info","message":"Media service is running on port 3003","service":"media-service","timestamp":"2025-11-23T15:57:16.890Z"}
{"level":"info","message":"Connected to mongodb","service":"media-service","timestamp":"2025-11-23T15:57:17.811Z"}
{"level":"error","message":"BadRequestError: request aborted\n    at IncomingMessage.onAborted (/home/sj/web/learning/sangam/mircroservice_pr1/media-service/node_modules/raw-body/index.js:245:10)\n    at IncomingMessage.emit (node:events:519:28)\n    at IncomingMessage._destroy (node:_http_incoming:221:10)\n    at _destroy (node:internal/streams/destroy:122:10)\n    at IncomingMessage.destroy (node:internal/streams/destroy:84:5)\n    at abortIncoming (node:_http_server:825:9)\n    at socketOnClose (node:_http_server:819:3)\n    at Socket.emit (node:events:531:35)\n    at TCP.<anonymous> (node:net:346:12)","service":"media-service","timestamp":"2025-11-23T15:58:57.797Z"}
{"level":"error","message":"BadRequestError: request aborted\n    at IncomingMessage.onAborted (/home/sj/web/learning/sangam/mircroservice_pr1/media-service/node_modules/raw-body/index.js:245:10)\n    at IncomingMessage.emit (node:events:519:28)\n    at IncomingMessage._destroy (node:_http_incoming:221:10)\n    at _destroy (node:internal/streams/destroy:122:10)\n    at IncomingMessage.destroy (node:internal/streams/destroy:84:5)\n    at abortIncoming (node:_http_server:825:9)\n    at socketOnClose (node:_http_server:819:3)\n    at Socket.emit (node:events:531:35)\n    at TCP.<anonymous> (node:net:346:12)","service":"media-service","timestamp":"2025-11-23T15:59:04.697Z"}
{"level":"error","message":"BadRequestError: request aborted\n    at IncomingMessage.onAborted (/home/sj/web/learning/sangam/mircroservice_pr1/media-service/node_modules/raw-body/index.js:245:10)\n    at IncomingMessage.emit (node:events:519:28)\n    at IncomingMessage._destroy (node:_http_incoming:221:10)\n    at _destroy (node:internal/streams/destroy:122:10)\n    at IncomingMessage.destroy (node:internal/streams/destroy:84:5)\n    at abortIncoming (node:_http_server:825:9)\n    at socketOnClose (node:_http_server:819:3)\n    at Socket.emit (node:events:531:35)\n    at TCP.<anonymous> (node:net:346:12)","service":"media-service","timestamp":"2025-11-23T15:59:19.644Z"}
{"level":"info","message":"Media service is running on port 3003","service":"media-service","timestamp":"2025-11-23T15:59:28.405Z"}
{"level":"info","message":"Connected to mongodb","service":"media-service","timestamp":"2025-11-23T15:59:29.304Z"}
{"level":"info","message":"Received POST request to /api/media/upload","service":"media-service","timestamp":"2025-11-23T16:00:03.710Z"}
{"level":"info","message":"Request body, [object Object]","service":"media-service","timestamp":"2025-11-23T16:00:03.710Z"}
{"level":"info","message":"Inside upload route","service":"media-service","timestamp":"2025-11-23T16:00:03.711Z"}
{"level":"info","message":"Media service is running on port 3003","service":"media-service","timestamp":"2025-11-23T16:04:55.758Z"}
{"level":"info","message":"Connected to mongodb","service":"media-service","timestamp":"2025-11-23T16:04:56.800Z"}
{"level":"info","message":"Received POST request to /api/media/upload","service":"media-service","timestamp":"2025-11-23T16:05:53.778Z"}
{"level":"info","message":"Request body, [object Object]","service":"media-service","timestamp":"2025-11-23T16:05:53.779Z"}
{"level":"info","message":"Inside upload route","service":"media-service","timestamp":"2025-11-23T16:05:53.779Z"}
{"level":"info","message":"Media service is running on port 3003","service":"media-service","timestamp":"2025-11-23T16:06:14.911Z"}
{"level":"info","message":"Media service is running on port 3003","service":"media-service","timestamp":"2025-11-23T16:06:28.699Z"}
{"level":"info","message":"Connected to mongodb","service":"media-service","timestamp":"2025-11-23T16:06:29.538Z"}
{"level":"info","message":"Received POST request to /api/media/upload","service":"media-service","timestamp":"2025-11-23T16:06:30.223Z"}
{"level":"info","message":"Request body, [object Object]","service":"media-service","timestamp":"2025-11-23T16:06:30.223Z"}
{"level":"info","message":"Starting media upload","service":"media-service","timestamp":"2025-11-23T16:06:30.225Z"}
{"level":"error","message":"No file found. Please add a file and try again!","service":"media-service","timestamp":"2025-11-23T16:06:30.225Z"}
{"level":"info","message":"Received POST request to /api/media/upload","service":"media-service","timestamp":"2025-11-23T16:06:32.338Z"}
{"level":"info","message":"Request body, [object Object]","service":"media-service","timestamp":"2025-11-23T16:06:32.338Z"}
{"level":"info","message":"Starting media upload","service":"media-service","timestamp":"2025-11-23T16:06:32.338Z"}
{"level":"error","message":"No file found. Please add a file and try again!","service":"media-service","timestamp":"2025-11-23T16:06:32.338Z"}
{"level":"info","message":"Received POST request to /api/media/upload","service":"media-service","timestamp":"2025-11-23T16:06:33.470Z"}
{"level":"info","message":"Request body, [object Object]","service":"media-service","timestamp":"2025-11-23T16:06:33.470Z"}
{"level":"info","message":"Starting media upload","service":"media-service","timestamp":"2025-11-23T16:06:33.471Z"}
{"level":"error","message":"No file found. Please add a file and try again!","service":"media-service","timestamp":"2025-11-23T16:06:33.471Z"}
{"level":"info","message":"Received POST request to /api/media/upload","service":"media-service","timestamp":"2025-11-23T16:06:34.308Z"}
{"level":"info","message":"Request body, [object Object]","service":"media-service","timestamp":"2025-11-23T16:06:34.308Z"}
{"level":"info","message":"Starting media upload","service":"media-service","timestamp":"2025-11-23T16:06:34.308Z"}
{"level":"error","message":"No file found. Please add a file and try again!","service":"media-service","timestamp":"2025-11-23T16:06:34.308Z"}
{"level":"info","message":"Received POST request to /api/media/upload","service":"media-service","timestamp":"2025-11-23T16:06:34.835Z"}
{"level":"info","message":"Request body, [object Object]","service":"media-service","timestamp":"2025-11-23T16:06:34.835Z"}
{"level":"info","message":"Starting media upload","service":"media-service","timestamp":"2025-11-23T16:06:34.835Z"}
{"level":"error","message":"No file found. Please add a file and try again!","service":"media-service","timestamp":"2025-11-23T16:06:34.835Z"}
{"level":"info","message":"Received POST request to /api/media/upload","service":"media-service","timestamp":"2025-11-23T16:06:35.305Z"}
{"level":"info","message":"Request body, [object Object]","service":"media-service","timestamp":"2025-11-23T16:06:35.305Z"}
{"level":"info","message":"Starting media upload","service":"media-service","timestamp":"2025-11-23T16:06:35.305Z"}
{"level":"error","message":"No file found. Please add a file and try again!","service":"media-service","timestamp":"2025-11-23T16:06:35.305Z"}
{"level":"info","message":"Received POST request to /api/media/upload","service":"media-service","timestamp":"2025-11-23T16:06:37.015Z"}
{"level":"info","message":"Request body, [object Object]","service":"media-service","timestamp":"2025-11-23T16:06:37.016Z"}
{"level":"info","message":"Starting media upload","service":"media-service","timestamp":"2025-11-23T16:06:37.016Z"}
{"level":"error","message":"No file found. Please add a file and try again!","service":"media-service","timestamp":"2025-11-23T16:06:37.016Z"}
{"level":"info","message":"Received POST request to /api/media/upload","service":"media-service","timestamp":"2025-11-23T16:06:39.598Z"}
{"level":"info","message":"Request body, [object Object]","service":"media-service","timestamp":"2025-11-23T16:06:39.598Z"}
{"level":"info","message":"Starting media upload","service":"media-service","timestamp":"2025-11-23T16:06:39.598Z"}
{"level":"error","message":"No file found. Please add a file and try again!","service":"media-service","timestamp":"2025-11-23T16:06:39.598Z"}
{"level":"info","message":"Media service is running on port 3003","service":"media-service","timestamp":"2025-11-23T16:06:50.561Z"}
{"level":"info","message":"Connected to mongodb","service":"media-service","timestamp":"2025-11-23T16:06:51.296Z"}
{"level":"info","message":"Received POST request to /api/media/upload","service":"media-service","timestamp":"2025-11-23T16:06:52.064Z"}
{"level":"info","message":"Request body, [object Object]","service":"media-service","timestamp":"2025-11-23T16:06:52.064Z"}
{"level":"info","message":"Inside upload route","service":"media-service","timestamp":"2025-11-23T16:06:52.065Z"}
{"level":"info","message":"Media service is running on port 3003","service":"media-service","timestamp":"2025-11-23T16:07:10.727Z"}
{"level":"info","message":"Connected to mongodb","service":"media-service","timestamp":"2025-11-23T16:07:11.389Z"}
{"level":"info","message":"Received POST request to /api/media/upload","service":"media-service","timestamp":"2025-11-23T16:07:12.413Z"}
{"level":"info","message":"Request body, [object Object]","service":"media-service","timestamp":"2025-11-23T16:07:12.413Z"}
{"level":"info","message":"Starting media upload","service":"media-service","timestamp":"2025-11-23T16:07:12.414Z"}
{"level":"error","message":"No file found. Please add a file and try again!","service":"media-service","timestamp":"2025-11-23T16:07:12.415Z"}
{"level":"info","message":"Received POST request to /api/media/upload","service":"media-service","timestamp":"2025-11-23T16:08:20.565Z"}
{"level":"info","message":"Request body, [object Object]","service":"media-service","timestamp":"2025-11-23T16:08:20.565Z"}
{"level":"info","message":"Starting media upload","service":"media-service","timestamp":"2025-11-23T16:08:20.566Z"}
{"level":"error","message":"No file found. Please add a file and try again!","service":"media-service","timestamp":"2025-11-23T16:08:20.566Z"}
{"level":"info","message":"Received POST request to /api/media/upload","service":"media-service","timestamp":"2025-11-23T16:11:11.685Z"}
{"level":"info","message":"Request body, [object Object]","service":"media-service","timestamp":"2025-11-23T16:11:11.685Z"}
{"level":"info","message":"Starting media upload","service":"media-service","timestamp":"2025-11-23T16:11:11.686Z"}
{"level":"error","message":"No file found. Please add a file and try again!","service":"media-service","timestamp":"2025-11-23T16:11:11.686Z"}
{"level":"info","message":"Media service is running on port 3003","service":"media-service","timestamp":"2025-11-23T16:14:57.361Z"}
{"level":"info","message":"Connected to mongodb","service":"media-service","timestamp":"2025-11-23T16:14:58.175Z"}
{"level":"info","message":"Media service is running on port 3003","service":"media-service","timestamp":"2025-11-23T16:15:03.545Z"}
{"level":"info","message":"Connected to mongodb","service":"media-service","timestamp":"2025-11-23T16:15:04.402Z"}
{"level":"info","message":"Media service is running on port 3003","service":"media-service","timestamp":"2025-11-23T16:15:05.677Z"}
{"level":"info","message":"Connected to mongodb","service":"media-service","timestamp":"2025-11-23T16:15:06.584Z"}
{"level":"info","message":"Media service is running on port 3003","service":"media-service","timestamp":"2025-11-23T16:15:22.371Z"}
{"level":"info","message":"Connected to mongodb","service":"media-service","timestamp":"2025-11-23T16:15:23.088Z"}
{"level":"info","message":"Media service is running on port 3003","service":"media-service","timestamp":"2025-11-23T16:15:28.692Z"}
{"level":"info","message":"Connected to mongodb","service":"media-service","timestamp":"2025-11-23T16:15:29.516Z"}
{"level":"info","message":"Media service is running on port 3003","service":"media-service","timestamp":"2025-11-23T16:15:33.105Z"}
{"level":"info","message":"Connected to mongodb","service":"media-service","timestamp":"2025-11-23T16:15:33.894Z"}
{"level":"info","message":"Received POST request to /api/media/upload","service":"media-service","timestamp":"2025-11-23T16:16:23.702Z"}
{"level":"info","message":"Request body, [object Object]","service":"media-service","timestamp":"2025-11-23T16:16:23.703Z"}
{"level":"info","message":"Starting media upload","service":"media-service","timestamp":"2025-11-23T16:16:23.706Z"}
{"level":"info","message":"File details: name=shahjalal_profile_pic.png, type=image/png","service":"media-service","timestamp":"2025-11-23T16:16:23.707Z"}
{"level":"info","message":"Uploading to cloudinary starting...","service":"media-service","timestamp":"2025-11-23T16:16:23.707Z"}
{"level":"info","message":"Cloudinary upload successfully. Public Id: - hdjobnqwc2lhbtpamfyc","service":"media-service","timestamp":"2025-11-23T16:16:26.504Z"}
{"level":"info","message":"Media service is running on port 3003","service":"media-service","timestamp":"2025-11-26T15:19:00.135Z"}
{"level":"info","message":"Connected to mongodb","service":"media-service","timestamp":"2025-11-26T15:19:00.918Z"}
{"level":"info","message":"Received POST request to /api/media/upload","service":"media-service","timestamp":"2025-11-26T15:19:21.145Z"}
{"level":"info","message":"Request body, [object Object]","service":"media-service","timestamp":"2025-11-26T15:19:21.145Z"}
{"level":"info","message":"Starting media upload","service":"media-service","timestamp":"2025-11-26T15:19:21.150Z"}
{"level":"info","message":"File details: name=avater.jpg, type=image/jpeg","service":"media-service","timestamp":"2025-11-26T15:19:21.150Z"}
{"level":"info","message":"Uploading to cloudinary starting...","service":"media-service","timestamp":"2025-11-26T15:19:21.150Z"}
{"level":"info","message":"Cloudinary upload successfully. Public Id: - yeiw5pr48gdaugmrpmrd","service":"media-service","timestamp":"2025-11-26T15:19:24.367Z"}
{"level":"info","message":"Media service is running on port 3003","service":"media-service","timestamp":"2025-11-26T16:44:24.670Z"}
{"level":"info","message":"Connected to mongodb","service":"media-service","timestamp":"2025-11-26T16:44:25.435Z"}
{"level":"info","message":"Media service is running on port 3003","service":"media-service","timestamp":"2025-11-26T16:44:26.729Z"}
{"level":"info","message":"Connected to mongodb","service":"media-service","timestamp":"2025-11-26T16:44:27.409Z"}
{"level":"info","message":"Media service is running on port 3003","service":"media-service","timestamp":"2025-11-26T16:44:44.588Z"}
{"level":"info","message":"Connected to mongodb","service":"media-service","timestamp":"2025-11-26T16:44:45.281Z"}
{"level":"info","message":"Media service is running on port 3003","service":"media-service","timestamp":"2025-11-26T16:44:50.306Z"}
{"level":"info","message":"Connected to mongodb","service":"media-service","timestamp":"2025-11-26T16:44:50.961Z"}
{"level":"info","message":"Media service is running on port 3003","service":"media-service","timestamp":"2025-11-26T16:44:55.463Z"}
{"level":"info","message":"Connected to mongodb","service":"media-service","timestamp":"2025-11-26T16:44:56.252Z"}
{"level":"info","message":"Media service is running on port 3003","service":"media-service","timestamp":"2025-11-26T16:45:05.685Z"}
{"level":"info","message":"Connected to mongodb","service":"media-service","timestamp":"2025-11-26T16:45:06.376Z"}
{"level":"info","message":"Media service is running on port 3003","service":"media-service","timestamp":"2025-11-26T16:45:14.622Z"}
{"level":"info","message":"Connected to mongodb","service":"media-service","timestamp":"2025-11-26T16:45:15.328Z"}
{"level":"info","message":"Media service is running on port 3003","service":"media-service","timestamp":"2025-11-26T16:45:18.563Z"}
{"level":"info","message":"Connected to mongodb","service":"media-service","timestamp":"2025-11-26T16:45:19.244Z"}
{"level":"info","message":"Media service is running on port 3003","service":"media-service","timestamp":"2025-11-26T16:49:10.254Z"}
{"level":"info","message":"Connected to mongodb","service":"media-service","timestamp":"2025-11-26T16:49:11.111Z"}
{"level":"info","message":"Media service is running on port 3003","service":"media-service","timestamp":"2025-11-26T16:49:22.379Z"}
{"level":"info","message":"Connected to mongodb","service":"media-service","timestamp":"2025-11-26T16:49:23.115Z"}
{"level":"info","message":"Media service is running on port 3003","service":"media-service","timestamp":"2025-11-26T16:49:35.931Z"}
{"level":"info","message":"Connected to mongodb","service":"media-service","timestamp":"2025-11-26T16:49:36.602Z"}
{"level":"info","message":"Media service is running on port 3003","service":"media-service","timestamp":"2025-11-26T16:49:42.855Z"}
{"level":"info","message":"Connected to mongodb","service":"media-service","timestamp":"2025-11-26T16:49:44.200Z"}
{"level":"info","message":"Media service is running on port 3003","service":"media-service","timestamp":"2025-11-26T16:49:57.134Z"}
{"level":"info","message":"Connected to mongodb","service":"media-service","timestamp":"2025-11-26T16:49:57.879Z"}
{"level":"info","message":"Media service is running on port 3003","service":"media-service","timestamp":"2025-11-26T16:50:45.138Z"}
{"level":"info","message":"Connected to mongodb","service":"media-service","timestamp":"2025-11-26T16:50:46.108Z"}
{"level":"info","message":"Media service is running on port 3003","service":"media-service","timestamp":"2025-11-26T16:51:34.257Z"}
{"level":"info","message":"Connected to mongodb","service":"media-service","timestamp":"2025-11-26T16:51:35.015Z"}
{"level":"info","message":"Media service is running on port 3003","service":"media-service","timestamp":"2025-11-26T16:52:00.266Z"}
{"level":"info","message":"Connected to mongodb","service":"media-service","timestamp":"2025-11-26T16:52:00.936Z"}
{"level":"info","message":"Media service is running on port 3003","service":"media-service","timestamp":"2025-11-26T16:52:13.140Z"}
{"level":"info","message":"Connected to mongodb","service":"media-service","timestamp":"2025-11-26T16:52:13.856Z"}
{"level":"info","message":"Media service is running on port 3003","service":"media-service","timestamp":"2025-11-26T16:54:48.706Z"}
{"level":"info","message":"Connected to mongodb","service":"media-service","timestamp":"2025-11-26T16:54:50.469Z"}
{"level":"info","message":"Media service is running on port 3003","service":"media-service","timestamp":"2025-11-26T16:54:51.063Z"}
{"level":"info","message":"Connected to mongodb","service":"media-service","timestamp":"2025-11-26T16:54:51.746Z"}
{"level":"info","message":"Media service is running on port 3003","service":"media-service","timestamp":"2025-11-26T16:55:05.983Z"}
{"level":"info","message":"Connected to mongodb","service":"media-service","timestamp":"2025-11-26T16:55:06.782Z"}
{"level":"info","message":"Media service is running on port 3003","service":"media-service","timestamp":"2025-11-26T16:55:18.755Z"}
{"level":"info","message":"Connected to mongodb","service":"media-service","timestamp":"2025-11-26T16:55:19.401Z"}
{"level":"info","message":"Media service is running on port 3003","service":"media-service","timestamp":"2025-11-26T16:55:26.587Z"}
{"level":"info","message":"Connected to mongodb","service":"media-service","timestamp":"2025-11-26T16:55:27.222Z"}
{"level":"info","message":"Media service is running on port 3003","service":"media-service","timestamp":"2025-11-26T16:55:41.142Z"}
{"level":"info","message":"Connected to mongodb","service":"media-service","timestamp":"2025-11-26T16:55:41.768Z"}
{"level":"info","message":"Media service is running on port 3003","service":"media-service","timestamp":"2025-11-26T16:58:02.683Z"}
{"level":"info","message":"Connected to mongodb","service":"media-service","timestamp":"2025-11-26T16:58:03.349Z"}
{"level":"info","message":"Received GET request to /api/media/get","service":"media-service","timestamp":"2025-11-26T16:58:27.877Z"}
{"level":"info","message":"Request body, [object Object]","service":"media-service","timestamp":"2025-11-26T16:58:27.877Z"}
{"level":"info","message":"Received GET request to /api/media/get","service":"media-service","timestamp":"2025-11-26T16:59:19.921Z"}
{"level":"info","message":"Request body, [object Object]","service":"media-service","timestamp":"2025-11-26T16:59:19.921Z"}
{"level":"info","message":"Media service is running on port 3003","service":"media-service","timestamp":"2025-11-26T16:59:38.769Z"}
{"level":"info","message":"Connected to mongodb","service":"media-service","timestamp":"2025-11-26T16:59:39.526Z"}
{"level":"info","message":"Received GET request to /api/media/get","service":"media-service","timestamp":"2025-11-26T16:59:41.196Z"}
{"level":"info","message":"Request body, [object Object]","service":"media-service","timestamp":"2025-11-26T16:59:41.196Z"}
{"level":"info","message":"Media service is running on port 3003","service":"media-service","timestamp":"2025-11-26T17:16:03.975Z"}
{"level":"info","message":"Connected to mongodb","service":"media-service","timestamp":"2025-11-26T17:16:04.724Z"}
{"level":"info","message":"Media service is running on port 3003","service":"media-service","timestamp":"2025-11-26T17:16:25.458Z"}
{"level":"info","message":"Connected to mongodb","service":"media-service","timestamp":"2025-11-26T17:16:26.117Z"}
{"level":"info","message":"Media service is running on port 3003","service":"media-service","timestamp":"2025-11-26T17:16:38.463Z"}
{"level":"info","message":"Connected to mongodb","service":"media-service","timestamp":"2025-11-26T17:16:39.244Z"}
{"level":"info","message":"Media service is running on port 3003","service":"media-service","timestamp":"2025-11-26T17:16:41.700Z"}
{"level":"info","message":"Connected to mongodb","service":"media-service","timestamp":"2025-11-26T17:16:42.442Z"}
{"level":"info","message":"Media service is running on port 3003","service":"media-service","timestamp":"2025-11-26T17:16:57.829Z"}
{"level":"info","message":"Connected to mongodb","service":"media-service","timestamp":"2025-11-26T17:16:58.498Z"}
{"level":"info","message":"Media service is running on port 3003","service":"media-service","timestamp":"2025-11-26T17:17:24.028Z"}
{"level":"info","message":"Connected to mongodb","service":"media-service","timestamp":"2025-11-26T17:17:24.692Z"}
{"level":"info","message":"Media service is running on port 3003","service":"media-service","timestamp":"2025-11-26T17:17:41.120Z"}
{"level":"info","message":"Connected to mongodb","service":"media-service","timestamp":"2025-11-26T17:17:41.820Z"}
{"level":"info","message":"Media service is running on port 3003","service":"media-service","timestamp":"2025-11-26T17:17:46.272Z"}
{"level":"info","message":"Connected to mongodb","service":"media-service","timestamp":"2025-11-26T17:17:46.964Z"}
{"level":"info","message":"Media service is running on port 3003","service":"media-service","timestamp":"2025-11-26T17:17:57.649Z"}
{"level":"info","message":"Connected to mongodb","service":"media-service","timestamp":"2025-11-26T17:17:58.386Z"}
{"level":"info","message":"Media service is running on port 3003","service":"media-service","timestamp":"2025-11-26T17:18:29.959Z"}
{"level":"info","message":"Connected to mongodb","service":"media-service","timestamp":"2025-11-26T17:18:30.639Z"}
{"level":"info","message":"Media service is running on port 3003","service":"media-service","timestamp":"2025-11-26T17:19:01.625Z"}
{"level":"info","message":"Connected to mongodb","service":"media-service","timestamp":"2025-11-26T17:19:02.330Z"}
{"level":"info","message":"Media service is running on port 3003","service":"media-service","timestamp":"2025-11-26T17:19:15.906Z"}
{"level":"info","message":"Connected to mongodb","service":"media-service","timestamp":"2025-11-26T17:19:16.679Z"}
{"level":"info","message":"Media service is running on port 3003","service":"media-service","timestamp":"2025-11-26T17:19:37.212Z"}
{"level":"info","message":"Connected to mongodb","service":"media-service","timestamp":"2025-11-26T17:19:37.878Z"}
{"level":"info","message":"Media service is running on port 3003","service":"media-service","timestamp":"2025-11-26T17:19:49.763Z"}
{"level":"info","message":"Connected to mongodb","service":"media-service","timestamp":"2025-11-26T17:19:50.526Z"}
{"level":"info","message":"Media service is running on port 3003","service":"media-service","timestamp":"2025-11-26T17:20:14.786Z"}
{"level":"info","message":"Connected to mongodb","service":"media-service","timestamp":"2025-11-26T17:20:15.505Z"}
{"level":"info","message":"Media service is running on port 3003","service":"media-service","timestamp":"2025-11-26T17:20:21.363Z"}
{"level":"info","message":"Connected to mongodb","service":"media-service","timestamp":"2025-11-26T17:20:22.050Z"}
{"level":"info","message":"Media service is running on port 3003","service":"media-service","timestamp":"2025-11-26T17:20:50.850Z"}
{"level":"info","message":"Connected to mongodb","service":"media-service","timestamp":"2025-11-26T17:20:51.531Z"}
{"level":"info","message":"Media service is running on port 3003","service":"media-service","timestamp":"2025-11-26T17:21:00.256Z"}
{"level":"info","message":"Connected to mongodb","service":"media-service","timestamp":"2025-11-26T17:21:00.946Z"}
{"level":"info","message":"Media service is running on port 3003","service":"media-service","timestamp":"2025-11-26T17:21:05.815Z"}
{"level":"info","message":"Connected to mongodb","service":"media-service","timestamp":"2025-11-26T17:21:06.523Z"}
{"level":"info","message":"Media service is running on port 3003","service":"media-service","timestamp":"2025-11-26T17:21:29.742Z"}
{"level":"info","message":"Connected to mongodb","service":"media-service","timestamp":"2025-11-26T17:21:30.603Z"}
{"level":"info","message":"Media service is running on port 3003","service":"media-service","timestamp":"2025-11-26T17:22:03.464Z"}
{"level":"info","message":"Connected to mongodb","service":"media-service","timestamp":"2025-11-26T17:22:04.165Z"}
{"level":"info","message":"Media service is running on port 3003","service":"media-service","timestamp":"2025-11-26T17:22:42.530Z"}
{"level":"info","message":"Connected to mongodb","service":"media-service","timestamp":"2025-11-26T17:22:43.328Z"}
{"level":"info","message":"Media service is running on port 3003","service":"media-service","timestamp":"2025-11-26T17:23:05.346Z"}
{"level":"info","message":"Connected to mongodb","service":"media-service","timestamp":"2025-11-26T17:23:06.157Z"}
{"level":"info","message":"Media service is running on port 3003","service":"media-service","timestamp":"2025-11-26T17:23:08.603Z"}
{"level":"info","message":"Connected to mongodb","service":"media-service","timestamp":"2025-11-26T17:23:09.362Z"}
{"level":"info","message":"Media service is running on port 3003","service":"media-service","timestamp":"2025-11-26T17:23:38.041Z"}
{"level":"info","message":"Connected to mongodb","service":"media-service","timestamp":"2025-11-26T17:23:38.722Z"}
{"level":"info","message":"Media service is running on port 3003","service":"media-service","timestamp":"2025-11-26T17:24:14.446Z"}
{"level":"info","message":"Connected to mongodb","service":"media-service","timestamp":"2025-11-26T17:24:15.167Z"}
{"level":"info","message":"Media service is running on port 3003","service":"media-service","timestamp":"2025-11-26T17:24:30.436Z"}
{"level":"info","message":"Connected to mongodb","service":"media-service","timestamp":"2025-11-26T17:24:31.165Z"}
{"level":"info","message":"Media service is running on port 3003","service":"media-service","timestamp":"2025-11-26T17:25:04.232Z"}
{"level":"info","message":"Connected to mongodb","service":"media-service","timestamp":"2025-11-26T17:25:04.910Z"}
{"level":"info","message":"Media service is running on port 3003","service":"media-service","timestamp":"2025-11-26T17:25:28.774Z"}
{"level":"info","message":"Connected to mongodb","service":"media-service","timestamp":"2025-11-26T17:25:29.470Z"}
{"level":"info","message":"Media service is running on port 3003","service":"media-service","timestamp":"2025-11-26T17:25:37.953Z"}
{"level":"info","message":"Connected to mongodb","service":"media-service","timestamp":"2025-11-26T17:25:38.662Z"}
{"level":"info","message":"Media service is running on port 3003","service":"media-service","timestamp":"2025-11-26T17:25:46.488Z"}
{"level":"info","message":"Connected to mongodb","service":"media-service","timestamp":"2025-11-26T17:25:47.347Z"}
{"level":"info","message":"Media service is running on port 3003","service":"media-service","timestamp":"2025-11-26T17:26:02.416Z"}
{"level":"info","message":"Connected to mongodb","service":"media-service","timestamp":"2025-11-26T17:26:03.156Z"}
{"level":"info","message":"Media service is running on port 3003","service":"media-service","timestamp":"2025-11-26T17:26:32.656Z"}
{"level":"info","message":"Connected to mongodb","service":"media-service","timestamp":"2025-11-26T17:26:33.722Z"}
{"level":"info","message":"Media service is running on port 3003","service":"media-service","timestamp":"2025-11-26T17:26:41.222Z"}
{"level":"info","message":"Connected to mongodb","service":"media-service","timestamp":"2025-11-26T17:26:41.880Z"}
{"level":"info","message":"Media service is running on port 3003","service":"media-service","timestamp":"2025-11-26T17:27:24.772Z"}
{"level":"info","message":"Connected to mongodb","service":"media-service","timestamp":"2025-11-26T17:27:25.474Z"}
{"level":"info","message":"Media service is running on port 3003","service":"media-service","timestamp":"2025-11-26T17:27:54.181Z"}
{"level":"info","message":"Connected to mongodb","service":"media-service","timestamp":"2025-11-26T17:27:54.953Z"}
{"level":"info","message":"Media service is running on port 3003","service":"media-service","timestamp":"2025-11-26T17:28:21.076Z"}
{"level":"info","message":"Connected to mongodb","service":"media-service","timestamp":"2025-11-26T17:28:21.862Z"}
{"level":"info","message":"Media service is running on port 3003","service":"media-service","timestamp":"2025-11-26T17:28:27.503Z"}
{"level":"info","message":"Connected to mongodb","service":"media-service","timestamp":"2025-11-26T17:28:28.281Z"}
{"level":"info","message":"Media service is running on port 3003","service":"media-service","timestamp":"2025-11-26T17:28:37.022Z"}
{"level":"info","message":"Connected to mongodb","service":"media-service","timestamp":"2025-11-26T17:28:37.731Z"}
{"level":"info","message":"Media service is running on port 3003","service":"media-service","timestamp":"2025-11-26T17:28:40.712Z"}
{"level":"info","message":"Connected to mongodb","service":"media-service","timestamp":"2025-11-26T17:28:41.381Z"}
{"level":"info","message":"Media service is running on port 3003","service":"media-service","timestamp":"2025-11-26T17:29:08.397Z"}
{"level":"info","message":"Connected to mongodb","service":"media-service","timestamp":"2025-11-26T17:29:09.105Z"}
{"level":"info","message":"Media service is running on port 3003","service":"media-service","timestamp":"2025-11-27T12:51:58.718Z"}
{"level":"info","message":"Connected to mongodb","service":"media-service","timestamp":"2025-11-27T12:51:59.467Z"}
{"level":"info","message":"Media service is running on port 3003","service":"media-service","timestamp":"2025-11-27T12:57:05.782Z"}
{"level":"info","message":"Connected to mongodb","service":"media-service","timestamp":"2025-11-27T12:57:06.798Z"}
{"level":"info","message":"Media service is running on port 3003","service":"media-service","timestamp":"2025-11-27T13:01:44.022Z"}
{"level":"info","message":"Connected to mongodb","service":"media-service","timestamp":"2025-11-27T13:01:45.188Z"}
{"level":"info","message":"Media service is running on port 3003","service":"media-service","timestamp":"2025-11-27T13:01:48.390Z"}
{"level":"info","message":"Connected to mongodb","service":"media-service","timestamp":"2025-11-27T13:01:49.601Z"}
{"level":"info","message":"Media service is running on port 3003","service":"media-service","timestamp":"2025-11-27T13:02:01.969Z"}
{"level":"info","message":"Connected to mongodb","service":"media-service","timestamp":"2025-11-27T13:02:02.729Z"}
{"level":"info","message":"Connected to mongodb","service":"media-service","timestamp":"2025-11-27T13:02:19.301Z"}
{"code":"ECONNREFUSED","level":"error","message":"Error connecting to rabbit mq","service":"media-service","stack":"AggregateError [ECONNREFUSED]: \n    at internalConnectMultiple (node:net:1134:18)\n    at afterConnectMultiple (node:net:1715:7)","timestamp":"2025-11-27T13:02:42.437Z"}
{"level":"info","message":"Media service is running on port 3003","service":"media-service","timestamp":"2025-11-27T13:02:42.440Z"}
{"level":"info","message":"Connected to mongodb","service":"media-service","timestamp":"2025-11-27T13:02:43.200Z"}
{"code":"ECONNREFUSED","level":"error","message":"Error connecting to rabbit mq","service":"media-service","stack":"AggregateError [ECONNREFUSED]: \n    at internalConnectMultiple (node:net:1134:18)\n    at afterConnectMultiple (node:net:1715:7)","timestamp":"2025-11-27T13:04:48.695Z"}
{"code":"ECONNREFUSED","level":"error","message":"Error connecting to rabbit mq","service":"media-service","stack":"AggregateError [ECONNREFUSED]: \n    at internalConnectMultiple (node:net:1134:18)\n    at afterConnectMultiple (node:net:1715:7)","timestamp":"2025-11-27T13:04:48.699Z"}
{"level":"info","message":"Connected to mongodb","service":"media-service","timestamp":"2025-11-27T13:04:49.569Z"}
{"code":"ECONNREFUSED","level":"error","message":"Error connecting to rabbit mq","service":"media-service","stack":"AggregateError [ECONNREFUSED]: \n    at internalConnectMultiple (node:net:1134:18)\n    at afterConnectMultiple (node:net:1715:7)","timestamp":"2025-11-27T13:15:30.967Z"}
{"code":"ECONNREFUSED","level":"error","message":"Error connecting to rabbit mq","service":"media-service","stack":"AggregateError [ECONNREFUSED]: \n    at internalConnectMultiple (node:net:1134:18)\n    at afterConnectMultiple (node:net:1715:7)","timestamp":"2025-11-27T13:15:30.971Z"}
{"level":"info","message":"Connected to mongodb","service":"media-service","timestamp":"2025-11-27T13:15:31.869Z"}
{"code":"ECONNREFUSED","level":"error","message":"Error connecting to rabbit mq","service":"media-service","stack":"AggregateError [ECONNREFUSED]: \n    at internalConnectMultiple (node:net:1134:18)\n    at afterConnectMultiple (node:net:1715:7)","timestamp":"2025-11-27T13:15:40.957Z"}
{"code":"ECONNREFUSED","level":"error","message":"Error connecting to rabbit mq","service":"media-service","stack":"AggregateError [ECONNREFUSED]: \n    at internalConnectMultiple (node:net:1134:18)\n    at afterConnectMultiple (node:net:1715:7)","timestamp":"2025-11-27T13:15:40.961Z"}
{"level":"info","message":"Connected to mongodb","service":"media-service","timestamp":"2025-11-27T13:15:41.748Z"}
{"code":"ECONNREFUSED","level":"error","message":"Error connecting to rabbit mq","service":"media-service","stack":"AggregateError [ECONNREFUSED]: \n    at internalConnectMultiple (node:net:1134:18)\n    at afterConnectMultiple (node:net:1715:7)","timestamp":"2025-11-27T13:16:00.618Z"}
{"code":"ECONNREFUSED","level":"error","message":"Error connecting to rabbit mq","service":"media-service","stack":"AggregateError [ECONNREFUSED]: \n    at internalConnectMultiple (node:net:1134:18)\n    at afterConnectMultiple (node:net:1715:7)","timestamp":"2025-11-27T13:16:00.622Z"}
{"level":"info","message":"Connected to mongodb","service":"media-service","timestamp":"2025-11-27T13:16:01.464Z"}
{"code":"ECONNREFUSED","level":"error","message":"Error connecting to rabbit mq","service":"media-service","stack":"AggregateError [ECONNREFUSED]: \n    at internalConnectMultiple (node:net:1134:18)\n    at afterConnectMultiple (node:net:1715:7)","timestamp":"2025-11-27T13:16:11.834Z"}
{"code":"ECONNREFUSED","level":"error","message":"Error connecting to rabbit mq","service":"media-service","stack":"AggregateError [ECONNREFUSED]: \n    at internalConnectMultiple (node:net:1134:18)\n    at afterConnectMultiple (node:net:1715:7)","timestamp":"2025-11-27T13:16:11.838Z"}
{"level":"info","message":"Connected to mongodb","service":"media-service","timestamp":"2025-11-27T13:16:12.572Z"}
{"code":"ECONNREFUSED","level":"error","message":"Error connecting to rabbit mq","service":"media-service","stack":"AggregateError [ECONNREFUSED]: \n    at internalConnectMultiple (node:net:1134:18)\n    at afterConnectMultiple (node:net:1715:7)","timestamp":"2025-11-27T13:16:16.140Z"}
{"code":"ECONNREFUSED","level":"error","message":"Error connecting to rabbit mq","service":"media-service","stack":"AggregateError [ECONNREFUSED]: \n    at internalConnectMultiple (node:net:1134:18)\n    at afterConnectMultiple (node:net:1715:7)","timestamp":"2025-11-27T13:16:16.142Z"}
{"level":"info","message":"Connected to mongodb","service":"media-service","timestamp":"2025-11-27T13:16:17.129Z"}
{"code":"ECONNREFUSED","level":"error","message":"Error connecting to rabbit mq","service":"media-service","stack":"AggregateError [ECONNREFUSED]: \n    at internalConnectMultiple (node:net:1134:18)\n    at afterConnectMultiple (node:net:1715:7)","timestamp":"2025-11-27T13:16:28.318Z"}
{"code":"ECONNREFUSED","level":"error","message":"Error connecting to rabbit mq","service":"media-service","stack":"AggregateError [ECONNREFUSED]: \n    at internalConnectMultiple (node:net:1134:18)\n    at afterConnectMultiple (node:net:1715:7)","timestamp":"2025-11-27T13:16:28.320Z"}
{"level":"info","message":"Connected to mongodb","service":"media-service","timestamp":"2025-11-27T13:16:29.116Z"}
{"code":"ECONNREFUSED","level":"error","message":"Error connecting to rabbit mq","service":"media-service","stack":"AggregateError [ECONNREFUSED]: \n    at internalConnectMultiple (node:net:1134:18)\n    at afterConnectMultiple (node:net:1715:7)","timestamp":"2025-11-27T13:16:40.778Z"}
{"code":"ECONNREFUSED","level":"error","message":"Error connecting to rabbit mq","service":"media-service","stack":"AggregateError [ECONNREFUSED]: \n    at internalConnectMultiple (node:net:1134:18)\n    at afterConnectMultiple (node:net:1715:7)","timestamp":"2025-11-27T13:16:40.782Z"}
{"level":"info","message":"Connected to mongodb","service":"media-service","timestamp":"2025-11-27T13:16:41.656Z"}
{"code":"ECONNREFUSED","level":"error","message":"Error connecting to rabbit mq","service":"media-service","stack":"AggregateError [ECONNREFUSED]: \n    at internalConnectMultiple (node:net:1134:18)\n    at afterConnectMultiple (node:net:1715:7)","timestamp":"2025-11-27T13:16:57.440Z"}
{"code":"ECONNREFUSED","level":"error","message":"Error connecting to rabbit mq","service":"media-service","stack":"AggregateError [ECONNREFUSED]: \n    at internalConnectMultiple (node:net:1134:18)\n    at afterConnectMultiple (node:net:1715:7)","timestamp":"2025-11-27T13:16:57.444Z"}
{"level":"info","message":"Connected to mongodb","service":"media-service","timestamp":"2025-11-27T13:16:58.706Z"}
{"code":"ECONNREFUSED","level":"error","message":"Error connecting to rabbit mq","service":"media-service","stack":"AggregateError [ECONNREFUSED]: \n    at internalConnectMultiple (node:net:1134:18)\n    at afterConnectMultiple (node:net:1715:7)","timestamp":"2025-11-27T13:19:05.050Z"}
{"code":"ECONNREFUSED","level":"error","message":"Error connecting to rabbit mq","service":"media-service","stack":"AggregateError [ECONNREFUSED]: \n    at internalConnectMultiple (node:net:1134:18)\n    at afterConnectMultiple (node:net:1715:7)","timestamp":"2025-11-27T13:19:05.056Z"}
{"level":"info","message":"Connected to mongodb","service":"media-service","timestamp":"2025-11-27T13:19:05.909Z"}
{"code":"ECONNREFUSED","level":"error","message":"Error connecting to rabbit mq","service":"media-service","stack":"AggregateError [ECONNREFUSED]: \n    at internalConnectMultiple (node:net:1134:18)\n    at afterConnectMultiple (node:net:1715:7)","timestamp":"2025-11-27T13:27:43.512Z"}
{"code":"ECONNREFUSED","level":"error","message":"Error connecting to rabbit mq","service":"media-service","stack":"AggregateError [ECONNREFUSED]: \n    at internalConnectMultiple (node:net:1134:18)\n    at afterConnectMultiple (node:net:1715:7)","timestamp":"2025-11-27T13:27:43.516Z"}
{"level":"info","message":"Connected to mongodb","service":"media-service","timestamp":"2025-11-27T13:27:44.341Z"}
{"code":"ECONNREFUSED","level":"error","message":"Error connecting to rabbit mq","service":"media-service","stack":"AggregateError [ECONNREFUSED]: \n    at internalConnectMultiple (node:net:1134:18)\n    at afterConnectMultiple (node:net:1715:7)","timestamp":"2025-11-27T13:27:59.683Z"}
{"code":"ECONNREFUSED","level":"error","message":"Error connecting to rabbit mq","service":"media-service","stack":"AggregateError [ECONNREFUSED]: \n    at internalConnectMultiple (node:net:1134:18)\n    at afterConnectMultiple (node:net:1715:7)","timestamp":"2025-11-27T13:27:59.687Z"}
{"level":"info","message":"Connected to mongodb","service":"media-service","timestamp":"2025-11-27T13:28:00.588Z"}
{"code":"ECONNREFUSED","level":"error","message":"Error connecting to rabbit mq","service":"media-service","stack":"AggregateError [ECONNREFUSED]: \n    at internalConnectMultiple (node:net:1134:18)\n    at afterConnectMultiple (node:net:1715:7)","timestamp":"2025-11-27T13:28:08.080Z"}
{"code":"ECONNREFUSED","level":"error","message":"Error connecting to rabbit mq","service":"media-service","stack":"AggregateError [ECONNREFUSED]: \n    at internalConnectMultiple (node:net:1134:18)\n    at afterConnectMultiple (node:net:1715:7)","timestamp":"2025-11-27T13:28:08.084Z"}
{"level":"info","message":"Connected to mongodb","service":"media-service","timestamp":"2025-11-27T13:28:08.840Z"}
{"code":"ECONNREFUSED","level":"error","message":"Error connecting to rabbit mq","service":"media-service","stack":"AggregateError [ECONNREFUSED]: \n    at internalConnectMultiple (node:net:1134:18)\n    at afterConnectMultiple (node:net:1715:7)","timestamp":"2025-11-27T13:28:22.491Z"}
{"code":"ECONNREFUSED","level":"error","message":"Error connecting to rabbit mq","service":"media-service","stack":"AggregateError [ECONNREFUSED]: \n    at internalConnectMultiple (node:net:1134:18)\n    at afterConnectMultiple (node:net:1715:7)","timestamp":"2025-11-27T13:28:22.495Z"}
{"level":"info","message":"Connected to mongodb","service":"media-service","timestamp":"2025-11-27T13:28:23.270Z"}
{"code":"ECONNREFUSED","level":"error","message":"Error connecting to rabbit mq","service":"media-service","stack":"AggregateError [ECONNREFUSED]: \n    at internalConnectMultiple (node:net:1134:18)\n    at afterConnectMultiple (node:net:1715:7)","timestamp":"2025-11-27T13:28:42.752Z"}
{"code":"ECONNREFUSED","level":"error","message":"Error connecting to rabbit mq","service":"media-service","stack":"AggregateError [ECONNREFUSED]: \n    at internalConnectMultiple (node:net:1134:18)\n    at afterConnectMultiple (node:net:1715:7)","timestamp":"2025-11-27T13:28:42.755Z"}
{"level":"info","message":"Connected to mongodb","service":"media-service","timestamp":"2025-11-27T13:28:43.523Z"}
{"code":"ECONNREFUSED","level":"error","message":"Error connecting to rabbit mq","service":"media-service","stack":"AggregateError [ECONNREFUSED]: \n    at internalConnectMultiple (node:net:1134:18)\n    at afterConnectMultiple (node:net:1715:7)","timestamp":"2025-11-27T13:59:43.217Z"}
{"code":"ECONNREFUSED","level":"error","message":"Error connecting to rabbit mq","service":"media-service","stack":"AggregateError [ECONNREFUSED]: \n    at internalConnectMultiple (node:net:1134:18)\n    at afterConnectMultiple (node:net:1715:7)","timestamp":"2025-11-27T13:59:43.221Z"}
{"level":"info","message":"Connected to mongodb","service":"media-service","timestamp":"2025-11-27T13:59:44.292Z"}
{"level":"info","message":"Connected to rabbit mq","service":"media-service","timestamp":"2025-11-27T14:01:04.953Z"}
{"level":"info","message":"Subscribed to event: post.deleted","service":"media-service","timestamp":"2025-11-27T14:01:04.971Z"}
{"level":"info","message":"Media service is running on port 3003","service":"media-service","timestamp":"2025-11-27T14:01:04.973Z"}
{"level":"info","message":"Connected to mongodb","service":"media-service","timestamp":"2025-11-27T14:01:05.872Z"}
{"level":"info","message":"Received POST request to /api/media/upload","service":"media-service","timestamp":"2025-11-27T14:01:09.916Z"}
{"level":"info","message":"Request body, [object Object]","service":"media-service","timestamp":"2025-11-27T14:01:09.916Z"}
{"level":"info","message":"Starting media upload","service":"media-service","timestamp":"2025-11-27T14:01:09.920Z"}
{"level":"info","message":"File details: name=cort-tie-A_UaBsO2.jpg, type=image/jpeg","service":"media-service","timestamp":"2025-11-27T14:01:09.920Z"}
{"level":"info","message":"Uploading to cloudinary starting...","service":"media-service","timestamp":"2025-11-27T14:01:09.920Z"}
{"level":"info","message":"Cloudinary upload successfully. Public Id: - fbuejiaqlgrhypghwpgw","service":"media-service","timestamp":"2025-11-27T14:01:11.988Z"}
{"level":"info","message":"Received GET request to /api/media/get","service":"media-service","timestamp":"2025-11-27T14:01:35.654Z"}
{"level":"info","message":"Request body, [object Object]","service":"media-service","timestamp":"2025-11-27T14:01:35.655Z"}
{"level":"info","message":"Received GET request to /api/media/get","service":"media-service","timestamp":"2025-11-27T14:02:21.578Z"}
{"level":"info","message":"Request body, [object Object]","service":"media-service","timestamp":"2025-11-27T14:02:21.578Z"}
{"level":"info","message":"Received GET request to /api/media/get","service":"media-service","timestamp":"2025-11-27T14:02:23.910Z"}
{"level":"info","message":"Request body, [object Object]","service":"media-service","timestamp":"2025-11-27T14:02:23.910Z"}
{"level":"info","message":"Received GET request to /api/media/get","service":"media-service","timestamp":"2025-11-27T14:02:24.806Z"}
{"level":"info","message":"Request body, [object Object]","service":"media-service","timestamp":"2025-11-27T14:02:24.806Z"}
{"level":"info","message":"Received GET request to /api/media/get","service":"media-service","timestamp":"2025-11-27T14:02:26.161Z"}
{"level":"info","message":"Request body, [object Object]","service":"media-service","timestamp":"2025-11-27T14:02:26.161Z"}
{"0":"f","1":"b","10":"r","11":"h","12":"y","13":"p","14":"g","15":"h","16":"w","17":"p","18":"g","19":"w","2":"u","3":"e","4":"j","5":"i","6":"a","7":"q","8":"l","9":"g","level":"info","message":"Media deleted successfuly from cloud stroage","service":"media-service","timestamp":"2025-11-27T14:12:01.133Z"}
{"level":"info","message":"Processed deletion of media for post id 69285c1bd304dba7793592b2","service":"media-service","timestamp":"2025-11-27T14:12:01.192Z"}
{"code":"ECONNREFUSED","level":"error","message":"Error connecting to rabbit mq","service":"media-service","stack":"AggregateError [ECONNREFUSED]: \n    at internalConnectMultiple (node:net:1134:18)\n    at afterConnectMultiple (node:net:1715:7)","timestamp":"2025-11-29T12:08:56.273Z"}
{"code":"ECONNREFUSED","level":"error","message":"Error connecting to rabbit mq","service":"media-service","stack":"AggregateError [ECONNREFUSED]: \n    at internalConnectMultiple (node:net:1134:18)\n    at afterConnectMultiple (node:net:1715:7)","timestamp":"2025-11-29T12:08:56.277Z"}
{"level":"info","message":"Connected to mongodb","service":"media-service","timestamp":"2025-11-29T12:08:57.073Z"}
{"level":"info","message":"Connected to rabbit mq","service":"media-service","timestamp":"2025-11-29T12:24:12.112Z"}
{"level":"info","message":"Subscribed to event: post.deleted","service":"media-service","timestamp":"2025-11-29T12:24:12.162Z"}
{"level":"info","message":"Media service is running on port 3003","service":"media-service","timestamp":"2025-11-29T12:24:12.163Z"}
{"level":"info","message":"Connected to mongodb","service":"media-service","timestamp":"2025-11-29T12:24:12.797Z"}
{"level":"info","message":"Processed deletion of media for post id 692aedb94537385258b09bdf","service":"media-service","timestamp":"2025-11-29T16:02:16.262Z"}
{"level":"info","message":"Connected to rabbit mq","service":"media-service","timestamp":"2025-11-29T16:56:33.114Z"}
{"level":"info","message":"Subscribed to event: post.deleted","service":"media-service","timestamp":"2025-11-29T16:56:33.123Z"}
{"level":"info","message":"Media service is running on port 3003","service":"media-service","timestamp":"2025-11-29T16:56:33.125Z"}
{"level":"info","message":"Connected to mongodb","service":"media-service","timestamp":"2025-11-29T16:56:33.779Z"}
{"level":"info","message":"Connected to rabbit mq","service":"media-service","timestamp":"2025-11-29T16:56:50.837Z"}
{"level":"info","message":"Subscribed to event: post.deleted","service":"media-service","timestamp":"2025-11-29T16:56:50.848Z"}
{"level":"info","message":"Media service is running on port 3003","service":"media-service","timestamp":"2025-11-29T16:56:50.849Z"}
{"level":"info","message":"Connected to mongodb","service":"media-service","timestamp":"2025-11-29T16:56:51.510Z"}
{"code":"ECONNREFUSED","level":"error","message":"Error connecting to rabbit mq","service":"media-service","stack":"AggregateError [ECONNREFUSED]: \n    at internalConnectMultiple (node:net:1134:18)\n    at afterConnectMultiple (node:net:1715:7)","timestamp":"2025-11-30T14:15:23.845Z"}
{"code":"ECONNREFUSED","level":"error","message":"Error connecting to rabbit mq","service":"media-service","stack":"AggregateError [ECONNREFUSED]: \n    at internalConnectMultiple (node:net:1134:18)\n    at afterConnectMultiple (node:net:1715:7)","timestamp":"2025-11-30T14:15:23.850Z"}
{"level":"info","message":"Connected to mongodb","service":"media-service","timestamp":"2025-11-30T14:15:24.632Z"}
{"code":"ECONNREFUSED","level":"error","message":"Error connecting to rabbit mq","service":"media-service","stack":"AggregateError [ECONNREFUSED]: \n    at internalConnectMultiple (node:net:1134:18)\n    at afterConnectMultiple (node:net:1715:7)","timestamp":"2025-11-30T14:15:30.469Z"}
{"code":"ECONNREFUSED","level":"error","message":"Error connecting to rabbit mq","service":"media-service","stack":"AggregateError [ECONNREFUSED]: \n    at internalConnectMultiple (node:net:1134:18)\n    at afterConnectMultiple (node:net:1715:7)","timestamp":"2025-11-30T14:15:30.473Z"}
{"level":"info","message":"Connected to mongodb","service":"media-service","timestamp":"2025-11-30T14:15:31.401Z"}
{"code":"ECONNREFUSED","level":"error","message":"Error connecting to rabbit mq","service":"media-service","stack":"AggregateError [ECONNREFUSED]: \n    at internalConnectMultiple (node:net:1134:18)\n    at afterConnectMultiple (node:net:1715:7)","timestamp":"2025-11-30T14:15:35.401Z"}
{"code":"ECONNREFUSED","level":"error","message":"Error connecting to rabbit mq","service":"media-service","stack":"AggregateError [ECONNREFUSED]: \n    at internalConnectMultiple (node:net:1134:18)\n    at afterConnectMultiple (node:net:1715:7)","timestamp":"2025-11-30T14:15:35.405Z"}
{"level":"info","message":"Connected to mongodb","service":"media-service","timestamp":"2025-11-30T14:15:36.204Z"}
{"level":"info","message":"Connected to rabbit mq","service":"media-service","timestamp":"2025-11-30T14:17:08.547Z"}
{"level":"info","message":"Subscribed to event: post.deleted","service":"media-service","timestamp":"2025-11-30T14:17:08.590Z"}
{"level":"info","message":"Media service is running on port 3003","service":"media-service","timestamp":"2025-11-30T14:17:08.591Z"}
{"level":"info","message":"Connected to mongodb","service":"media-service","timestamp":"2025-11-30T14:17:09.178Z"}
{"level":"info","message":"Connected to rabbit mq","service":"media-service","timestamp":"2025-11-30T14:33:30.339Z"}
{"level":"info","message":"Subscribed to event: post.deleted","service":"media-service","timestamp":"2025-11-30T14:33:30.351Z"}
{"level":"info","message":"Media service is running on port 3003","service":"media-service","timestamp":"2025-11-30T14:33:30.354Z"}
{"level":"info","message":"Connected to mongodb","service":"media-service","timestamp":"2025-11-30T14:33:31.082Z"}
{"level":"info","message":"Connected to rabbit mq","service":"media-service","timestamp":"2025-11-30T14:38:54.783Z"}
{"level":"info","message":"Subscribed to event: post.deleted","service":"media-service","timestamp":"2025-11-30T14:38:54.788Z"}
{"level":"info","message":"Media service is running on port 3003","service":"media-service","timestamp":"2025-11-30T14:38:54.789Z"}
{"level":"info","message":"Connected to mongodb","service":"media-service","timestamp":"2025-11-30T14:38:55.443Z"}
